<?xml version="1.0" encoding="UTF-8"?>
<testng-results ignored="0" total="1" passed="1" failed="0" skipped="0">
  <reporter-output>
  </reporter-output>
  <suite started-at="2023-06-30T14:30:07 IST" name="Default suite" finished-at="2023-06-30T14:31:34 IST" duration-ms="87316">
    <groups>
      <group name="cucumber">
        <method signature="AbstractTestNGCucumberTests.runScenario(io.cucumber.testng.PickleWrapper,io.cucumber.testng.FeatureWrapper)[pri:0, instance:Runner.TestApplication@5afa3c9]" name="runScenario" class="io.cucumber.testng.AbstractTestNGCucumberTests"/>
      </group> <!-- cucumber -->
    </groups>
    <test started-at="2023-06-30T14:30:07 IST" name="Default test" finished-at="2023-06-30T14:31:34 IST" duration-ms="87316">
      <class name="Runner.TestApplication">
        <test-method is-config="true" signature="setUpClass()[pri:0, instance:Runner.TestApplication@5afa3c9]" started-at="2023-06-30T14:30:07 IST" name="setUpClass" finished-at="2023-06-30T14:30:09 IST" duration-ms="1970" status="PASS">
          <reporter-output>
          </reporter-output>
        </test-method> <!-- setUpClass -->
        <test-method signature="runScenario(io.cucumber.testng.PickleWrapper,io.cucumber.testng.FeatureWrapper)[pri:0, instance:Runner.TestApplication@5afa3c9]" started-at="2023-06-30T14:30:09 IST" name="runScenario" description="Runs Cucumber Scenarios" data-provider="scenarios" finished-at="2023-06-30T14:31:17 IST" duration-ms="68386" status="PASS">
          <params>
            <param index="0">
              <value>
                <![CDATA["Draw down Request"]]>
              </value>
            </param>
            <param index="1">
              <value>
                <![CDATA["Optional[User_608 to validate the Draw down request features]"]]>
              </value>
            </param>
          </params>
          <reporter-output>
          </reporter-output>
        </test-method> <!-- runScenario -->
        <test-method is-config="true" signature="tearDownClass()[pri:0, instance:Runner.TestApplication@5afa3c9]" started-at="2023-06-30T14:31:17 IST" name="tearDownClass" finished-at="2023-06-30T14:31:34 IST" duration-ms="16879" status="PASS">
          <reporter-output>
          </reporter-output>
        </test-method> <!-- tearDownClass -->
      </class> <!-- Runner.TestApplication -->
    </test> <!-- Default test -->
  </suite> <!-- Default suite -->
</testng-results>
