<?xml version="1.0" encoding="UTF-8"?>
<testng-results ignored="0" total="1" passed="1" failed="0" skipped="0">
  <reporter-output>
  </reporter-output>
  <suite started-at="2023-08-03T17:28:25 IST" name="Default suite" finished-at="2023-08-03T17:29:28 IST" duration-ms="63122">
    <groups>
      <group name="cucumber">
        <method signature="AbstractTestNGCucumberTests.runScenario(io.cucumber.testng.PickleWrapper,io.cucumber.testng.FeatureWrapper)[pri:0, instance:Runner.TestApplication@5afa3c9]" name="runScenario" class="io.cucumber.testng.AbstractTestNGCucumberTests"/>
      </group> <!-- cucumber -->
    </groups>
    <test started-at="2023-08-03T17:28:25 IST" name="Default test" finished-at="2023-08-03T17:29:28 IST" duration-ms="63122">
      <class name="Runner.TestApplication">
        <test-method is-config="true" signature="setUpClass()[pri:0, instance:Runner.TestApplication@5afa3c9]" started-at="2023-08-03T17:28:25 IST" name="setUpClass" finished-at="2023-08-03T17:28:27 IST" duration-ms="2110" status="PASS">
          <reporter-output>
          </reporter-output>
        </test-method> <!-- setUpClass -->
        <test-method signature="runScenario(io.cucumber.testng.PickleWrapper,io.cucumber.testng.FeatureWrapper)[pri:0, instance:Runner.TestApplication@5afa3c9]" started-at="2023-08-03T17:28:27 IST" name="runScenario" description="Runs Cucumber Scenarios" data-provider="scenarios" finished-at="2023-08-03T17:29:20 IST" duration-ms="53111" status="PASS">
          <params>
            <param index="0">
              <value>
                <![CDATA["Run the accrual and settlement process on the installment dates from EOD and settle the installment till 08/05/2012"]]>
              </value>
            </param>
            <param index="1">
              <value>
                <![CDATA["Optional[To check the Accrual Process Features]"]]>
              </value>
            </param>
          </params>
          <reporter-output>
          </reporter-output>
        </test-method> <!-- runScenario -->
        <test-method is-config="true" signature="tearDownClass()[pri:0, instance:Runner.TestApplication@5afa3c9]" started-at="2023-08-03T17:29:20 IST" name="tearDownClass" finished-at="2023-08-03T17:29:28 IST" duration-ms="7808" status="PASS">
          <reporter-output>
          </reporter-output>
        </test-method> <!-- tearDownClass -->
      </class> <!-- Runner.TestApplication -->
    </test> <!-- Default test -->
  </suite> <!-- Default suite -->
</testng-results>
