<?xml version="1.0" encoding="UTF-8"?>
<testng-results ignored="0" total="1" passed="1" failed="0" skipped="0">
  <reporter-output>
  </reporter-output>
  <suite started-at="2023-08-11T11:56:18 IST" name="Default suite" finished-at="2023-08-11T12:01:10 IST" duration-ms="291668">
    <groups>
      <group name="cucumber">
        <method signature="AbstractTestNGCucumberTests.runScenario(io.cucumber.testng.PickleWrapper,io.cucumber.testng.FeatureWrapper)[pri:0, instance:Runner.TestApplication@5afa3c9]" name="runScenario" class="io.cucumber.testng.AbstractTestNGCucumberTests"/>
      </group> <!-- cucumber -->
    </groups>
    <test started-at="2023-08-11T11:56:18 IST" name="Default test" finished-at="2023-08-11T12:01:10 IST" duration-ms="291668">
      <class name="Runner.TestApplication">
        <test-method is-config="true" signature="setUpClass()[pri:0, instance:Runner.TestApplication@5afa3c9]" started-at="2023-08-11T11:56:18 IST" name="setUpClass" finished-at="2023-08-11T11:56:20 IST" duration-ms="2014" status="PASS">
          <reporter-output>
          </reporter-output>
        </test-method> <!-- setUpClass -->
        <test-method signature="runScenario(io.cucumber.testng.PickleWrapper,io.cucumber.testng.FeatureWrapper)[pri:0, instance:Runner.TestApplication@5afa3c9]" started-at="2023-08-11T11:56:20 IST" name="runScenario" description="Runs Cucumber Scenarios" data-provider="scenarios" finished-at="2023-08-11T12:00:37 IST" duration-ms="256590" status="PASS">
          <params>
            <param index="0">
              <value>
                <![CDATA["Process the “Reschedule Repayment Plan - Installments Settled Not On the Due Date” from periodical process on 20/06/2014"]]>
              </value>
            </param>
            <param index="1">
              <value>
                <![CDATA["Optional[To check the Accrual Process Features]"]]>
              </value>
            </param>
          </params>
          <reporter-output>
          </reporter-output>
        </test-method> <!-- runScenario -->
        <test-method is-config="true" signature="tearDownClass()[pri:0, instance:Runner.TestApplication@5afa3c9]" started-at="2023-08-11T12:00:37 IST" name="tearDownClass" finished-at="2023-08-11T12:01:10 IST" duration-ms="32951" status="PASS">
          <reporter-output>
          </reporter-output>
        </test-method> <!-- tearDownClass -->
      </class> <!-- Runner.TestApplication -->
    </test> <!-- Default test -->
  </suite> <!-- Default suite -->
</testng-results>
