<?xml version="1.0" encoding="UTF-8"?>
<testng-results ignored="0" total="1" passed="0" failed="1" skipped="0">
  <reporter-output>
  </reporter-output>
  <suite started-at="2023-08-18T17:11:54 IST" name="Default suite" finished-at="2023-08-18T17:25:46 IST" duration-ms="831437">
    <groups>
      <group name="cucumber">
        <method signature="AbstractTestNGCucumberTests.runScenario(io.cucumber.testng.PickleWrapper,io.cucumber.testng.FeatureWrapper)[pri:0, instance:Runner.TestApplication@1caa0244]" name="runScenario" class="io.cucumber.testng.AbstractTestNGCucumberTests"/>
      </group> <!-- cucumber -->
    </groups>
    <test started-at="2023-08-18T17:11:54 IST" name="Default test" finished-at="2023-08-18T17:25:46 IST" duration-ms="831437">
      <class name="Runner.TestApplication">
        <test-method is-config="true" signature="setUpClass()[pri:0, instance:Runner.TestApplication@1caa0244]" started-at="2023-08-18T17:11:54 IST" name="setUpClass" finished-at="2023-08-18T17:11:56 IST" duration-ms="1714" status="PASS">
          <reporter-output>
          </reporter-output>
        </test-method> <!-- setUpClass -->
        <test-method signature="runScenario(io.cucumber.testng.PickleWrapper,io.cucumber.testng.FeatureWrapper)[pri:0, instance:Runner.TestApplication@1caa0244]" started-at="2023-08-18T17:11:56 IST" name="runScenario" description="Runs Cucumber Scenarios" data-provider="scenarios" finished-at="2023-08-18T17:25:26 IST" duration-ms="810480" status="FAIL">
          <params>
            <param index="0">
              <value>
                <![CDATA["TSR-BB140147 - System allowed to create advance principal settlement for a deal with an active setttlement"]]>
              </value>
            </param>
            <param index="1">
              <value>
                <![CDATA["Optional[To check the Advance Principal Settlement feature]"]]>
              </value>
            </param>
          </params>
          <exception class="java.lang.AssertionError">
            <message>
              <![CDATA[element click intercepted: Element <button type="button" tosubmit="true" id="savebutton_T036MT" value="Submit" class="ui-button ui-widget ui-state-default ui-corner-all ui-button-text-icon-primary" freezeonsubmit="true" role="button" aria-disabled="false">...</button> is not clickable at point (268, 652). Other element would receive the click: <div class="jMsgbox-background" style="position: fixed; width: 1536px; height: 702px; z-index: 999999; opacity: 0.6; top: 0px; left: 0px;"></div>
  (Session info: chrome=116.0.5845.96)
Build info: version: '4.11.0', revision: '040bc5406b'
System info: os.name: 'Windows 10', os.arch: 'amd64', os.version: '10.0', java.version: '16.0.2'
Driver info: org.openqa.selenium.chrome.ChromeDriver
Command: [03d52800f3b2af0e9acc46adde584303, clickElement {id=C2B6EE2855922707422B603F39E6F748_element_685}]
Capabilities {acceptInsecureCerts: false, browserName: chrome, browserVersion: 116.0.5845.96, chrome: {chromedriverVersion: 116.0.5845.96 (1a3918166880..., userDataDir: C:\Users\ININDC~1\AppData\L...}, fedcm:accounts: true, goog:chromeOptions: {debuggerAddress: localhost:55147}, networkConnectionEnabled: false, pageLoadStrategy: normal, platformName: windows, proxy: Proxy(), se:cdp: ws://localhost:55147/devtoo..., se:cdpVersion: 116.0.5845.96, setWindowRect: true, strictFileInteractability: false, timeouts: {implicit: 0, pageLoad: 300000, script: 30000}, unhandledPromptBehavior: dismiss and notify, webauthn:extension:credBlob: true, webauthn:extension:largeBlob: true, webauthn:extension:minPinLength: true, webauthn:extension:prf: true, webauthn:virtualAuthenticators: true}
Element: [[ChromeDriver: chrome on windows (03d52800f3b2af0e9acc46adde584303)] -> xpath: //button[@id='savebutton_T036MT']]
Session ID: 03d52800f3b2af0e9acc46adde584303]]>
            </message>
            <full-stacktrace>
              <![CDATA[java.lang.AssertionError: element click intercepted: Element <button type="button" tosubmit="true" id="savebutton_T036MT" value="Submit" class="ui-button ui-widget ui-state-default ui-corner-all ui-button-text-icon-primary" freezeonsubmit="true" role="button" aria-disabled="false">...</button> is not clickable at point (268, 652). Other element would receive the click: <div class="jMsgbox-background" style="position: fixed; width: 1536px; height: 702px; z-index: 999999; opacity: 0.6; top: 0px; left: 0px;"></div>
  (Session info: chrome=116.0.5845.96)
Build info: version: '4.11.0', revision: '040bc5406b'
System info: os.name: 'Windows 10', os.arch: 'amd64', os.version: '10.0', java.version: '16.0.2'
Driver info: org.openqa.selenium.chrome.ChromeDriver
Command: [03d52800f3b2af0e9acc46adde584303, clickElement {id=C2B6EE2855922707422B603F39E6F748_element_685}]
Capabilities {acceptInsecureCerts: false, browserName: chrome, browserVersion: 116.0.5845.96, chrome: {chromedriverVersion: 116.0.5845.96 (1a3918166880..., userDataDir: C:\Users\ININDC~1\AppData\L...}, fedcm:accounts: true, goog:chromeOptions: {debuggerAddress: localhost:55147}, networkConnectionEnabled: false, pageLoadStrategy: normal, platformName: windows, proxy: Proxy(), se:cdp: ws://localhost:55147/devtoo..., se:cdpVersion: 116.0.5845.96, setWindowRect: true, strictFileInteractability: false, timeouts: {implicit: 0, pageLoad: 300000, script: 30000}, unhandledPromptBehavior: dismiss and notify, webauthn:extension:credBlob: true, webauthn:extension:largeBlob: true, webauthn:extension:minPinLength: true, webauthn:extension:prf: true, webauthn:virtualAuthenticators: true}
Element: [[ChromeDriver: chrome on windows (03d52800f3b2af0e9acc46adde584303)] -> xpath: //button[@id='savebutton_T036MT']]
Session ID: 03d52800f3b2af0e9acc46adde584303
at org.testng.Assert.fail(Assert.java:99)
at stepdefinitions.IIS_IncidentalChargesSteps_608.user_click_the_save_button_in_maintenance_screen_under_advance_principal_settlement(IIS_IncidentalChargesSteps_608.java:1840)
at ✽.User_608 click the Save button in maintenance screen under Advance principal settlement(file:///C:/Users/inindc00608/git/Sankar_FMS/FMS_SankarS2/src/test/java/features_IIS/AdvancePrincipalSettlement_608.feature:86)
]]>
            </full-stacktrace>
          </exception> <!-- java.lang.AssertionError -->
          <reporter-output>
          </reporter-output>
        </test-method> <!-- runScenario -->
        <test-method is-config="true" signature="tearDownClass()[pri:0, instance:Runner.TestApplication@1caa0244]" started-at="2023-08-18T17:25:26 IST" name="tearDownClass" finished-at="2023-08-18T17:25:46 IST" duration-ms="19148" status="PASS">
          <reporter-output>
          </reporter-output>
        </test-method> <!-- tearDownClass -->
      </class> <!-- Runner.TestApplication -->
    </test> <!-- Default test -->
  </suite> <!-- Default suite -->
</testng-results>
