<?xml version="1.0" encoding="UTF-8"?>
<!-- Generated by org.testng.reporters.JUnitXMLReporter -->
<testsuite ignored="0" hostname="DESKTOP-PSK9T3C" failures="1" tests="1" name="Default test" time="212.479" errors="0" timestamp="2023-08-11T11:13:54 IST">
  <testcase classname="io.cucumber.testng.AbstractTestNGCucumberTests" name="runScenario" time="175.779">
    <failure type="java.lang.IllegalArgumentException" message="Keys to send should be a not null CharSequence">
      <![CDATA[java.lang.IllegalArgumentException: Keys to send should be a not null CharSequence
at org.openqa.selenium.remote.RemoteWebElement.sendKeys(RemoteWebElement.java:98)
at java.base/jdk.internal.reflect.NativeMethodAccessorImpl.invoke0(Native Method)
at java.base/jdk.internal.reflect.NativeMethodAccessorImpl.invoke(NativeMethodAccessorImpl.java:77)
at java.base/jdk.internal.reflect.DelegatingMethodAccessorImpl.invoke(DelegatingMethodAccessorImpl.java:43)
at java.base/java.lang.reflect.Method.invoke(Method.java:568)
at org.openqa.selenium.support.pagefactory.internal.LocatingElementHandler.invoke(LocatingElementHandler.java:52)
at jdk.proxy2/jdk.proxy2.$Proxy46.sendKeys(Unknown Source)
at stepdefinitions.AccrualDealSteps_611.user_search_the_deal_number_in_searchgrid_under_approve_menu_in_investment_deals_combined_without_trade_deal(AccrualDealSteps_611.java:601)
at ✽.User_611 search the deal number in searchgrid under Approve menu in Investment Deals Combined without Trade Deal(file:///C:/Users/inindc00611/git/FMS1/AzentioAutomationFramework_FMS_kowsalyaa/src/test/java/IISfeatures/AccrualProcess_611.feature:214)
]]>
    </failure>
  </testcase> <!-- runScenario -->
</testsuite> <!-- Default test -->
