<?xml version="1.0" encoding="UTF-8"?>
<testng-results ignored="0" total="1" passed="1" failed="0" skipped="0">
  <reporter-output>
  </reporter-output>
  <suite started-at="2023-09-28T15:04:12 IST" name="Default suite" finished-at="2023-09-28T15:05:09 IST" duration-ms="57242">
    <groups>
      <group name="cucumber">
        <method signature="AbstractTestNGCucumberTests.runScenario(io.cucumber.testng.PickleWrapper,io.cucumber.testng.FeatureWrapper)[pri:0, instance:Runner.TestApplication@663c9e7a]" name="runScenario" class="io.cucumber.testng.AbstractTestNGCucumberTests"/>
      </group> <!-- cucumber -->
    </groups>
    <test started-at="2023-09-28T15:04:12 IST" name="Default test" finished-at="2023-09-28T15:05:09 IST" duration-ms="57242">
      <class name="Runner.TestApplication">
        <test-method is-config="true" signature="setUpClass()[pri:0, instance:Runner.TestApplication@663c9e7a]" started-at="2023-09-28T15:04:12 IST" name="setUpClass" finished-at="2023-09-28T15:04:13 IST" duration-ms="1071" status="PASS">
          <reporter-output>
          </reporter-output>
        </test-method> <!-- setUpClass -->
        <test-method signature="runScenario(io.cucumber.testng.PickleWrapper,io.cucumber.testng.FeatureWrapper)[pri:0, instance:Runner.TestApplication@663c9e7a]" started-at="2023-09-28T15:04:13 IST" name="runScenario" description="Runs Cucumber Scenarios" data-provider="scenarios" finished-at="2023-09-28T15:04:48 IST" duration-ms="34702" status="PASS">
          <params>
            <param index="0">
              <value>
                <![CDATA["Certificate Type -basic Testing"]]>
              </value>
            </param>
            <param index="1">
              <value>
                <![CDATA["Optional[IIS Parameter]"]]>
              </value>
            </param>
          </params>
          <reporter-output>
          </reporter-output>
        </test-method> <!-- runScenario -->
        <test-method is-config="true" signature="tearDownClass()[pri:0, instance:Runner.TestApplication@663c9e7a]" started-at="2023-09-28T15:04:48 IST" name="tearDownClass" finished-at="2023-09-28T15:05:09 IST" duration-ms="21420" status="PASS">
          <reporter-output>
          </reporter-output>
        </test-method> <!-- tearDownClass -->
      </class> <!-- Runner.TestApplication -->
    </test> <!-- Default test -->
  </suite> <!-- Default suite -->
</testng-results>
