<?xml version="1.0" encoding="UTF-8"?>
<testng-results ignored="0" total="1" passed="1" failed="0" skipped="0">
  <reporter-output>
  </reporter-output>
  <suite started-at="2023-08-11T17:27:08 IST" name="Default suite" finished-at="2023-08-11T17:28:35 IST" duration-ms="86333">
    <groups>
      <group name="cucumber">
        <method signature="AbstractTestNGCucumberTests.runScenario(io.cucumber.testng.PickleWrapper,io.cucumber.testng.FeatureWrapper)[pri:0, instance:Runner.TestApplication@5149d738]" name="runScenario" class="io.cucumber.testng.AbstractTestNGCucumberTests"/>
      </group> <!-- cucumber -->
    </groups>
    <test started-at="2023-08-11T17:27:08 IST" name="Default test" finished-at="2023-08-11T17:28:35 IST" duration-ms="86333">
      <class name="Runner.TestApplication">
        <test-method is-config="true" signature="setUpClass()[pri:0, instance:Runner.TestApplication@5149d738]" started-at="2023-08-11T17:27:08 IST" name="setUpClass" finished-at="2023-08-11T17:27:11 IST" duration-ms="2069" status="PASS">
          <reporter-output>
          </reporter-output>
        </test-method> <!-- setUpClass -->
        <test-method signature="runScenario(io.cucumber.testng.PickleWrapper,io.cucumber.testng.FeatureWrapper)[pri:0, instance:Runner.TestApplication@5149d738]" started-at="2023-08-11T17:27:11 IST" name="runScenario" description="Runs Cucumber Scenarios" data-provider="scenarios" finished-at="2023-08-11T17:28:18 IST" duration-ms="67030" status="PASS">
          <params>
            <param index="0">
              <value>
                <![CDATA["Run the accrual / Profit transfer process and confirm system does not reverse the accrual entries and profit adjust to incomes a/c"]]>
              </value>
            </param>
            <param index="1">
              <value>
                <![CDATA["Optional[Accrual Process]"]]>
              </value>
            </param>
          </params>
          <reporter-output>
          </reporter-output>
        </test-method> <!-- runScenario -->
        <test-method is-config="true" signature="tearDownClass()[pri:0, instance:Runner.TestApplication@5149d738]" started-at="2023-08-11T17:28:18 IST" name="tearDownClass" finished-at="2023-08-11T17:28:35 IST" duration-ms="17130" status="PASS">
          <reporter-output>
          </reporter-output>
        </test-method> <!-- tearDownClass -->
      </class> <!-- Runner.TestApplication -->
    </test> <!-- Default test -->
  </suite> <!-- Default suite -->
</testng-results>
