<?xml version="1.0" encoding="UTF-8"?>
<testng-results ignored="0" total="1" passed="1" failed="0" skipped="0">
  <reporter-output>
  </reporter-output>
  <suite started-at="2023-06-20T15:52:21 IST" name="Default suite" finished-at="2023-06-20T15:54:38 IST" duration-ms="137202">
    <groups>
      <group name="cucumber">
        <method signature="AbstractTestNGCucumberTests.runScenario(io.cucumber.testng.PickleWrapper,io.cucumber.testng.FeatureWrapper)[pri:0, instance:Runner.TestApplication@795509d9]" name="runScenario" class="io.cucumber.testng.AbstractTestNGCucumberTests"/>
      </group> <!-- cucumber -->
    </groups>
    <test started-at="2023-06-20T15:52:21 IST" name="Default test" finished-at="2023-06-20T15:54:38 IST" duration-ms="137202">
      <class name="Runner.TestApplication">
        <test-method is-config="true" signature="setUpClass()[pri:0, instance:Runner.TestApplication@795509d9]" started-at="2023-06-20T15:52:21 IST" name="setUpClass" finished-at="2023-06-20T15:52:23 IST" duration-ms="2435" status="PASS">
          <reporter-output>
          </reporter-output>
        </test-method> <!-- setUpClass -->
        <test-method signature="runScenario(io.cucumber.testng.PickleWrapper,io.cucumber.testng.FeatureWrapper)[pri:0, instance:Runner.TestApplication@795509d9]" started-at="2023-06-20T15:52:23 IST" name="runScenario" description="Runs Cucumber Scenarios" data-provider="scenarios" finished-at="2023-06-20T15:54:12 IST" duration-ms="108981" status="PASS">
          <params>
            <param index="0">
              <value>
                <![CDATA["TSR-BMOI140488-Salary of the CIF is not defaulting in ‘Average salary for DBR Calc’ field upon doing a modify request for the approved facility."]]>
              </value>
            </param>
            <param index="1">
              <value>
                <![CDATA["Optional[Wifak Application]"]]>
              </value>
            </param>
          </params>
          <reporter-output>
          </reporter-output>
        </test-method> <!-- runScenario -->
        <test-method is-config="true" signature="tearDownClass()[pri:0, instance:Runner.TestApplication@795509d9]" started-at="2023-06-20T15:54:12 IST" name="tearDownClass" finished-at="2023-06-20T15:54:38 IST" duration-ms="25712" status="PASS">
          <reporter-output>
          </reporter-output>
        </test-method> <!-- tearDownClass -->
      </class> <!-- Runner.TestApplication -->
    </test> <!-- Default test -->
  </suite> <!-- Default suite -->
</testng-results>
