<?xml version="1.0" encoding="UTF-8"?>
<testng-results ignored="0" total="1" passed="1" failed="0" skipped="0">
  <reporter-output>
  </reporter-output>
  <suite started-at="2023-08-25T13:25:05 IST" name="Default suite" finished-at="2023-08-25T13:26:56 IST" duration-ms="111563">
    <groups>
      <group name="cucumber">
        <method signature="AbstractTestNGCucumberTests.runScenario(io.cucumber.testng.PickleWrapper,io.cucumber.testng.FeatureWrapper)[pri:0, instance:Runner.TestApplication@663c9e7a]" name="runScenario" class="io.cucumber.testng.AbstractTestNGCucumberTests"/>
      </group> <!-- cucumber -->
    </groups>
    <test started-at="2023-08-25T13:25:05 IST" name="Default test" finished-at="2023-08-25T13:26:56 IST" duration-ms="111563">
      <class name="Runner.TestApplication">
        <test-method is-config="true" signature="setUpClass()[pri:0, instance:Runner.TestApplication@663c9e7a]" started-at="2023-08-25T13:25:05 IST" name="setUpClass" finished-at="2023-08-25T13:25:06 IST" duration-ms="1116" status="PASS">
          <reporter-output>
          </reporter-output>
        </test-method> <!-- setUpClass -->
        <test-method signature="runScenario(io.cucumber.testng.PickleWrapper,io.cucumber.testng.FeatureWrapper)[pri:0, instance:Runner.TestApplication@663c9e7a]" started-at="2023-08-25T13:25:06 IST" name="runScenario" description="Runs Cucumber Scenarios" data-provider="scenarios" finished-at="2023-08-25T13:26:46 IST" duration-ms="100310" status="PASS">
          <params>
            <param index="0">
              <value>
                <![CDATA["Check the new button “Link Asset management charges” is added to product class parameter"]]>
              </value>
            </param>
            <param index="1">
              <value>
                <![CDATA["Optional[Assert Management]"]]>
              </value>
            </param>
          </params>
          <reporter-output>
          </reporter-output>
        </test-method> <!-- runScenario -->
        <test-method is-config="true" signature="tearDownClass()[pri:0, instance:Runner.TestApplication@663c9e7a]" started-at="2023-08-25T13:26:46 IST" name="tearDownClass" finished-at="2023-08-25T13:26:56 IST" duration-ms="10090" status="PASS">
          <reporter-output>
          </reporter-output>
        </test-method> <!-- tearDownClass -->
      </class> <!-- Runner.TestApplication -->
    </test> <!-- Default test -->
  </suite> <!-- Default suite -->
</testng-results>
