<?xml version="1.0" encoding="UTF-8"?>
<testng-results ignored="0" total="1" passed="0" failed="1" skipped="0">
  <reporter-output>
  </reporter-output>
  <suite started-at="2023-08-04T17:08:42 IST" name="Default suite" finished-at="2023-08-04T17:10:11 IST" duration-ms="88961">
    <groups>
      <group name="cucumber">
        <method signature="AbstractTestNGCucumberTests.runScenario(io.cucumber.testng.PickleWrapper,io.cucumber.testng.FeatureWrapper)[pri:0, instance:Runner.TestApplication@795509d9]" name="runScenario" class="io.cucumber.testng.AbstractTestNGCucumberTests"/>
      </group> <!-- cucumber -->
    </groups>
    <test started-at="2023-08-04T17:08:42 IST" name="Default test" finished-at="2023-08-04T17:10:11 IST" duration-ms="88961">
      <class name="Runner.TestApplication">
        <test-method is-config="true" signature="setUpClass()[pri:0, instance:Runner.TestApplication@795509d9]" started-at="2023-08-04T17:08:42 IST" name="setUpClass" finished-at="2023-08-04T17:08:43 IST" duration-ms="902" status="PASS">
          <reporter-output>
          </reporter-output>
        </test-method> <!-- setUpClass -->
        <test-method signature="runScenario(io.cucumber.testng.PickleWrapper,io.cucumber.testng.FeatureWrapper)[pri:0, instance:Runner.TestApplication@795509d9]" started-at="2023-08-04T17:08:43 IST" name="runScenario" description="Runs Cucumber Scenarios" data-provider="scenarios" finished-at="2023-08-04T17:10:02 IST" duration-ms="79604" status="FAIL">
          <params>
            <param index="0">
              <value>
                <![CDATA["Create a Non Upfront deal with 48 monthly installments at month beginning in T022 screen"]]>
              </value>
            </param>
            <param index="1">
              <value>
                <![CDATA["Optional[To check the Incidental Charges Feature]"]]>
              </value>
            </param>
          </params>
          <exception class="org.openqa.selenium.ElementClickInterceptedException">
            <message>
              <![CDATA[element click intercepted: Element <span class="ui-icon ui-icon-search live-search-ui"></span> is not clickable at point (1055, 138). Other element would receive the click: <div class="jMsgbox-background" style="position: fixed; width: 1920px; height: 918px; z-index: 999999; opacity: 0.6; top: 0px; left: 0px;"></div>
  (Session info: chrome=115.0.5790.170)
Build info: version: '4.8.1', revision: '8ebccac989'
System info: os.name: 'Windows 10', os.arch: 'amd64', os.version: '10.0', java.version: '17.0.7'
Driver info: org.openqa.selenium.chrome.ChromeDriver
Command: [42d357cafa7ec51d15c0f55931f9537a, clickElement {id=A5B13A53105C51ADF0C221CDDE1535A2_element_412}]
Capabilities {acceptInsecureCerts: false, browserName: chrome, browserVersion: 115.0.5790.170, chrome: {chromedriverVersion: 114.0.5735.90 (386bc09e8f4f..., userDataDir: C:\Users\ININDC~1\AppData\L...}, goog:chromeOptions: {debuggerAddress: localhost:65020}, networkConnectionEnabled: false, pageLoadStrategy: normal, platformName: WINDOWS, proxy: Proxy(), se:cdp: ws://localhost:65020/devtoo..., se:cdpVersion: 115.0.5790.170, setWindowRect: true, strictFileInteractability: false, timeouts: {implicit: 0, pageLoad: 300000, script: 30000}, unhandledPromptBehavior: dismiss and notify, webauthn:extension:credBlob: true, webauthn:extension:largeBlob: true, webauthn:extension:minPinLength: true, webauthn:extension:prf: true, webauthn:virtualAuthenticators: true}
Element: [[ChromeDriver: chrome on WINDOWS (42d357cafa7ec51d15c0f55931f9537a)] -> xpath: //span[@id='spanLookup_trsdealVO_DEAL_TYPE_T022MT']/span]
Session ID: 42d357cafa7ec51d15c0f55931f9537a]]>
            </message>
            <full-stacktrace>
              <![CDATA[org.openqa.selenium.ElementClickInterceptedException: element click intercepted: Element <span class="ui-icon ui-icon-search live-search-ui"></span> is not clickable at point (1055, 138). Other element would receive the click: <div class="jMsgbox-background" style="position: fixed; width: 1920px; height: 918px; z-index: 999999; opacity: 0.6; top: 0px; left: 0px;"></div>
  (Session info: chrome=115.0.5790.170)
Build info: version: '4.8.1', revision: '8ebccac989'
System info: os.name: 'Windows 10', os.arch: 'amd64', os.version: '10.0', java.version: '17.0.7'
Driver info: org.openqa.selenium.chrome.ChromeDriver
Command: [42d357cafa7ec51d15c0f55931f9537a, clickElement {id=A5B13A53105C51ADF0C221CDDE1535A2_element_412}]
Capabilities {acceptInsecureCerts: false, browserName: chrome, browserVersion: 115.0.5790.170, chrome: {chromedriverVersion: 114.0.5735.90 (386bc09e8f4f..., userDataDir: C:\Users\ININDC~1\AppData\L...}, goog:chromeOptions: {debuggerAddress: localhost:65020}, networkConnectionEnabled: false, pageLoadStrategy: normal, platformName: WINDOWS, proxy: Proxy(), se:cdp: ws://localhost:65020/devtoo..., se:cdpVersion: 115.0.5790.170, setWindowRect: true, strictFileInteractability: false, timeouts: {implicit: 0, pageLoad: 300000, script: 30000}, unhandledPromptBehavior: dismiss and notify, webauthn:extension:credBlob: true, webauthn:extension:largeBlob: true, webauthn:extension:minPinLength: true, webauthn:extension:prf: true, webauthn:virtualAuthenticators: true}
Element: [[ChromeDriver: chrome on WINDOWS (42d357cafa7ec51d15c0f55931f9537a)] -> xpath: //span[@id='spanLookup_trsdealVO_DEAL_TYPE_T022MT']/span]
Session ID: 42d357cafa7ec51d15c0f55931f9537a
at java.base/jdk.internal.reflect.NativeConstructorAccessorImpl.newInstance0(Native Method)
at java.base/jdk.internal.reflect.NativeConstructorAccessorImpl.newInstance(NativeConstructorAccessorImpl.java:77)
at java.base/jdk.internal.reflect.DelegatingConstructorAccessorImpl.newInstance(DelegatingConstructorAccessorImpl.java:45)
at java.base/java.lang.reflect.Constructor.newInstanceWithCaller(Constructor.java:499)
at java.base/java.lang.reflect.Constructor.newInstance(Constructor.java:480)
at org.openqa.selenium.remote.codec.w3c.W3CHttpResponseCodec.createException(W3CHttpResponseCodec.java:200)
at org.openqa.selenium.remote.codec.w3c.W3CHttpResponseCodec.decode(W3CHttpResponseCodec.java:133)
at org.openqa.selenium.remote.codec.w3c.W3CHttpResponseCodec.decode(W3CHttpResponseCodec.java:53)
at org.openqa.selenium.remote.HttpCommandExecutor.execute(HttpCommandExecutor.java:184)
at org.openqa.selenium.remote.service.DriverCommandExecutor.invokeExecute(DriverCommandExecutor.java:167)
at org.openqa.selenium.remote.service.DriverCommandExecutor.execute(DriverCommandExecutor.java:142)
at org.openqa.selenium.remote.RemoteWebDriver.execute(RemoteWebDriver.java:543)
at org.openqa.selenium.remote.RemoteWebElement.execute(RemoteWebElement.java:257)
at org.openqa.selenium.remote.RemoteWebElement.click(RemoteWebElement.java:78)
at java.base/jdk.internal.reflect.NativeMethodAccessorImpl.invoke0(Native Method)
at java.base/jdk.internal.reflect.NativeMethodAccessorImpl.invoke(NativeMethodAccessorImpl.java:77)
at java.base/jdk.internal.reflect.DelegatingMethodAccessorImpl.invoke(DelegatingMethodAccessorImpl.java:43)
at java.base/java.lang.reflect.Method.invoke(Method.java:568)
at org.openqa.selenium.support.pagefactory.internal.LocatingElementHandler.invoke(LocatingElementHandler.java:52)
at jdk.proxy2/jdk.proxy2.$Proxy46.click(Unknown Source)
at stepdefinitions.IIS_AccrualDeal_Steps_610.user_610_Select_the_category_in_investment_deals_combined_without_trade_deal(IIS_AccrualDeal_Steps_610.java:137)
at ✽.User_610 Select the Category in Investment Deals Combined without Trade Deal(file:///C:/Users/inindc00610/git/AZENTIO-FMS-Jay7/AzentioAutomationFramework_FMS_Jay2/src/test/java/feature_IIS/AccrualDeal_610.feature:13)
]]>
            </full-stacktrace>
          </exception> <!-- org.openqa.selenium.ElementClickInterceptedException -->
          <reporter-output>
          </reporter-output>
        </test-method> <!-- runScenario -->
        <test-method is-config="true" signature="tearDownClass()[pri:0, instance:Runner.TestApplication@795509d9]" started-at="2023-08-04T17:10:02 IST" name="tearDownClass" finished-at="2023-08-04T17:10:11 IST" duration-ms="8395" status="PASS">
          <reporter-output>
          </reporter-output>
        </test-method> <!-- tearDownClass -->
      </class> <!-- Runner.TestApplication -->
    </test> <!-- Default test -->
  </suite> <!-- Default suite -->
</testng-results>
