<?xml version="1.0" encoding="UTF-8"?>
<testng-results ignored="0" total="1" passed="1" failed="0" skipped="0">
  <reporter-output>
  </reporter-output>
  <suite started-at="2023-07-20T14:59:04 IST" name="Default suite" finished-at="2023-07-20T15:15:10 IST" duration-ms="965748">
    <groups>
      <group name="cucumber">
        <method signature="AbstractTestNGCucumberTests.runScenario(io.cucumber.testng.PickleWrapper,io.cucumber.testng.FeatureWrapper)[pri:0, instance:Runner.TestApplication@19e4653c]" name="runScenario" class="io.cucumber.testng.AbstractTestNGCucumberTests"/>
      </group> <!-- cucumber -->
    </groups>
    <test started-at="2023-07-20T14:59:04 IST" name="Default test" finished-at="2023-07-20T15:15:10 IST" duration-ms="965748">
      <class name="Runner.TestApplication">
        <test-method is-config="true" signature="setUpClass()[pri:0, instance:Runner.TestApplication@19e4653c]" started-at="2023-07-20T14:59:04 IST" name="setUpClass" finished-at="2023-07-20T14:59:17 IST" duration-ms="12969" status="PASS">
          <reporter-output>
          </reporter-output>
        </test-method> <!-- setUpClass -->
        <test-method signature="runScenario(io.cucumber.testng.PickleWrapper,io.cucumber.testng.FeatureWrapper)[pri:0, instance:Runner.TestApplication@19e4653c]" started-at="2023-07-20T14:59:17 IST" name="runScenario" description="Runs Cucumber Scenarios" data-provider="scenarios" finished-at="2023-07-20T15:09:24 IST" duration-ms="606630" status="PASS">
          <params>
            <param index="0">
              <value>
                <![CDATA["Final Approval"]]>
              </value>
            </param>
            <param index="1">
              <value>
                <![CDATA["Optional[Final Approval Limit Creation]"]]>
              </value>
            </param>
          </params>
          <reporter-output>
          </reporter-output>
        </test-method> <!-- runScenario -->
        <test-method is-config="true" signature="tearDownClass()[pri:0, instance:Runner.TestApplication@19e4653c]" started-at="2023-07-20T15:09:24 IST" name="tearDownClass" finished-at="2023-07-20T15:15:10 IST" duration-ms="345833" status="PASS">
          <reporter-output>
          </reporter-output>
        </test-method> <!-- tearDownClass -->
      </class> <!-- Runner.TestApplication -->
    </test> <!-- Default test -->
  </suite> <!-- Default suite -->
</testng-results>
