<?xml version="1.0" encoding="UTF-8"?>
<testng-results ignored="0" total="1" passed="0" failed="1" skipped="0">
  <reporter-output>
  </reporter-output>
  <suite started-at="2023-08-03T15:26:45 IST" name="Default suite" finished-at="2023-08-03T15:28:55 IST" duration-ms="129379">
    <groups>
      <group name="cucumber">
        <method signature="AbstractTestNGCucumberTests.runScenario(io.cucumber.testng.PickleWrapper,io.cucumber.testng.FeatureWrapper)[pri:0, instance:Runner.TestApplication@795509d9]" name="runScenario" class="io.cucumber.testng.AbstractTestNGCucumberTests"/>
      </group> <!-- cucumber -->
    </groups>
    <test started-at="2023-08-03T15:26:45 IST" name="Default test" finished-at="2023-08-03T15:28:55 IST" duration-ms="129379">
      <class name="Runner.TestApplication">
        <test-method is-config="true" signature="setUpClass()[pri:0, instance:Runner.TestApplication@795509d9]" started-at="2023-08-03T15:26:45 IST" name="setUpClass" finished-at="2023-08-03T15:26:46 IST" duration-ms="933" status="PASS">
          <reporter-output>
          </reporter-output>
        </test-method> <!-- setUpClass -->
        <test-method signature="runScenario(io.cucumber.testng.PickleWrapper,io.cucumber.testng.FeatureWrapper)[pri:0, instance:Runner.TestApplication@795509d9]" started-at="2023-08-03T15:26:46 IST" name="runScenario" description="Runs Cucumber Scenarios" data-provider="scenarios" finished-at="2023-08-03T15:28:44 IST" duration-ms="118023" status="FAIL">
          <params>
            <param index="0">
              <value>
                <![CDATA["Create a Non Upfront deal with 48 monthly installments at month beginning in T022 screen"]]>
              </value>
            </param>
            <param index="1">
              <value>
                <![CDATA["Optional[To check the Incidental Charges Feature]"]]>
              </value>
            </param>
          </params>
          <exception class="java.lang.AssertionError">
            <message>
              <![CDATA[no such element: Unable to locate element: {"method":"xpath","selector":"//table[@id='gridtab_matr_ac_sl_T022MT']/tbody/tr/td[text()='411001']"}
  (Session info: chrome=115.0.5790.170)
For documentation on this error, please visit: https://selenium.dev/exceptions/#no_such_element
Build info: version: '4.8.1', revision: '8ebccac989'
System info: os.name: 'Windows 10', os.arch: 'amd64', os.version: '10.0', java.version: '17.0.7'
Driver info: org.openqa.selenium.chrome.ChromeDriver
Command: [96f55bbba1310ac7ce3b1493e291f33d, findElement {using=xpath, value=//table[@id='gridtab_matr_ac_sl_T022MT']/tbody/tr/td[text()='411001']}]
Capabilities {acceptInsecureCerts: false, browserName: chrome, browserVersion: 115.0.5790.170, chrome: {chromedriverVersion: 114.0.5735.90 (386bc09e8f4f..., userDataDir: C:\Users\ININDC~1\AppData\L...}, goog:chromeOptions: {debuggerAddress: localhost:52368}, networkConnectionEnabled: false, pageLoadStrategy: normal, platformName: WINDOWS, proxy: Proxy(), se:cdp: ws://localhost:52368/devtoo..., se:cdpVersion: 115.0.5790.170, setWindowRect: true, strictFileInteractability: false, timeouts: {implicit: 0, pageLoad: 300000, script: 30000}, unhandledPromptBehavior: dismiss and notify, webauthn:extension:credBlob: true, webauthn:extension:largeBlob: true, webauthn:extension:minPinLength: true, webauthn:extension:prf: true, webauthn:virtualAuthenticators: true}
Session ID: 96f55bbba1310ac7ce3b1493e291f33d]]>
            </message>
            <full-stacktrace>
              <![CDATA[java.lang.AssertionError: no such element: Unable to locate element: {"method":"xpath","selector":"//table[@id='gridtab_matr_ac_sl_T022MT']/tbody/tr/td[text()='411001']"}
  (Session info: chrome=115.0.5790.170)
For documentation on this error, please visit: https://selenium.dev/exceptions/#no_such_element
Build info: version: '4.8.1', revision: '8ebccac989'
System info: os.name: 'Windows 10', os.arch: 'amd64', os.version: '10.0', java.version: '17.0.7'
Driver info: org.openqa.selenium.chrome.ChromeDriver
Command: [96f55bbba1310ac7ce3b1493e291f33d, findElement {using=xpath, value=//table[@id='gridtab_matr_ac_sl_T022MT']/tbody/tr/td[text()='411001']}]
Capabilities {acceptInsecureCerts: false, browserName: chrome, browserVersion: 115.0.5790.170, chrome: {chromedriverVersion: 114.0.5735.90 (386bc09e8f4f..., userDataDir: C:\Users\ININDC~1\AppData\L...}, goog:chromeOptions: {debuggerAddress: localhost:52368}, networkConnectionEnabled: false, pageLoadStrategy: normal, platformName: WINDOWS, proxy: Proxy(), se:cdp: ws://localhost:52368/devtoo..., se:cdpVersion: 115.0.5790.170, setWindowRect: true, strictFileInteractability: false, timeouts: {implicit: 0, pageLoad: 300000, script: 30000}, unhandledPromptBehavior: dismiss and notify, webauthn:extension:credBlob: true, webauthn:extension:largeBlob: true, webauthn:extension:minPinLength: true, webauthn:extension:prf: true, webauthn:virtualAuthenticators: true}
Session ID: 96f55bbba1310ac7ce3b1493e291f33d
at org.testng.Assert.fail(Assert.java:99)
at stepdefinitions.IIS_AccrualDeal_Steps_610.user_610_select_the_maturity_account_in_contributor_tab_under_maintenance_in_investment_deals_combined_without_trade_deal(IIS_AccrualDeal_Steps_610.java:289)
at ✽.User_610 select the maturity account in Contributor tab under maintenance in Investment Deals Combined without Trade Deal(file:///C:/Users/inindc00610/git/AZENTIO-FMS-Jay7/AzentioAutomationFramework_FMS_Jay2/src/test/java/feature_IIS/AccrualDeal_610.feature:21)
]]>
            </full-stacktrace>
          </exception> <!-- java.lang.AssertionError -->
          <reporter-output>
          </reporter-output>
        </test-method> <!-- runScenario -->
        <test-method is-config="true" signature="tearDownClass()[pri:0, instance:Runner.TestApplication@795509d9]" started-at="2023-08-03T15:28:44 IST" name="tearDownClass" finished-at="2023-08-03T15:28:55 IST" duration-ms="10388" status="PASS">
          <reporter-output>
          </reporter-output>
        </test-method> <!-- tearDownClass -->
      </class> <!-- Runner.TestApplication -->
    </test> <!-- Default test -->
  </suite> <!-- Default suite -->
</testng-results>
