<?xml version="1.0" encoding="UTF-8"?>
<testng-results ignored="0" total="1" passed="1" failed="0" skipped="0">
  <reporter-output>
  </reporter-output>
  <suite started-at="2023-07-13T17:08:39 IST" name="Default suite" finished-at="2023-07-13T17:12:22 IST" duration-ms="222301">
    <groups>
      <group name="cucumber">
        <method signature="AbstractTestNGCucumberTests.runScenario(io.cucumber.testng.PickleWrapper,io.cucumber.testng.FeatureWrapper)[pri:0, instance:Runner.TestApplication@795509d9]" name="runScenario" class="io.cucumber.testng.AbstractTestNGCucumberTests"/>
      </group> <!-- cucumber -->
    </groups>
    <test started-at="2023-07-13T17:08:39 IST" name="Default test" finished-at="2023-07-13T17:12:22 IST" duration-ms="222301">
      <class name="Runner.TestApplication">
        <test-method is-config="true" signature="setUpClass()[pri:0, instance:Runner.TestApplication@795509d9]" started-at="2023-07-13T17:08:39 IST" name="setUpClass" finished-at="2023-07-13T17:08:41 IST" duration-ms="1998" status="PASS">
          <reporter-output>
          </reporter-output>
        </test-method> <!-- setUpClass -->
        <test-method signature="runScenario(io.cucumber.testng.PickleWrapper,io.cucumber.testng.FeatureWrapper)[pri:0, instance:Runner.TestApplication@795509d9]" started-at="2023-07-13T17:08:41 IST" name="runScenario" description="Runs Cucumber Scenarios" data-provider="scenarios" finished-at="2023-07-13T17:11:54 IST" duration-ms="192184" status="PASS">
          <params>
            <param index="0">
              <value>
                <![CDATA["BMOUPI170721 - Repayment Plan Creation, Saving and Retrieval slowness in FMS by using IE 11.0.9600.18816"]]>
              </value>
            </param>
            <param index="1">
              <value>
                <![CDATA["Optional[RepaymentPlan]"]]>
              </value>
            </param>
          </params>
          <reporter-output>
          </reporter-output>
        </test-method> <!-- runScenario -->
        <test-method is-config="true" signature="tearDownClass()[pri:0, instance:Runner.TestApplication@795509d9]" started-at="2023-07-13T17:11:54 IST" name="tearDownClass" finished-at="2023-07-13T17:12:22 IST" duration-ms="28041" status="PASS">
          <reporter-output>
          </reporter-output>
        </test-method> <!-- tearDownClass -->
      </class> <!-- Runner.TestApplication -->
    </test> <!-- Default test -->
  </suite> <!-- Default suite -->
</testng-results>
