<?xml version="1.0" encoding="UTF-8"?>
<testng-results ignored="0" total="1" passed="1" failed="0" skipped="0">
  <reporter-output>
  </reporter-output>
  <suite started-at="2023-07-11T09:57:46 IST" name="Default suite" finished-at="2023-07-11T10:00:07 IST" duration-ms="141823">
    <groups>
      <group name="cucumber">
        <method signature="AbstractTestNGCucumberTests.runScenario(io.cucumber.testng.PickleWrapper,io.cucumber.testng.FeatureWrapper)[pri:0, instance:Runner.TestApplication@795509d9]" name="runScenario" class="io.cucumber.testng.AbstractTestNGCucumberTests"/>
      </group> <!-- cucumber -->
    </groups>
    <test started-at="2023-07-11T09:57:46 IST" name="Default test" finished-at="2023-07-11T10:00:07 IST" duration-ms="141823">
      <class name="Runner.TestApplication">
        <test-method is-config="true" signature="setUpClass()[pri:0, instance:Runner.TestApplication@795509d9]" started-at="2023-07-11T09:57:46 IST" name="setUpClass" finished-at="2023-07-11T09:57:48 IST" duration-ms="2090" status="PASS">
          <reporter-output>
          </reporter-output>
        </test-method> <!-- setUpClass -->
        <test-method signature="runScenario(io.cucumber.testng.PickleWrapper,io.cucumber.testng.FeatureWrapper)[pri:0, instance:Runner.TestApplication@795509d9]" started-at="2023-07-11T09:57:48 IST" name="runScenario" description="Runs Cucumber Scenarios" data-provider="scenarios" finished-at="2023-07-11T09:59:40 IST" duration-ms="112461" status="PASS">
          <params>
            <param index="0">
              <value>
                <![CDATA["Check the floating rate,floatingrate periodicity and floatingrate periodicitytype retrived from IIs param screen"]]>
              </value>
            </param>
            <param index="1">
              <value>
                <![CDATA["Optional[To Test the Financial facilities in FMS Application]"]]>
              </value>
            </param>
          </params>
          <reporter-output>
          </reporter-output>
        </test-method> <!-- runScenario -->
        <test-method is-config="true" signature="tearDownClass()[pri:0, instance:Runner.TestApplication@795509d9]" started-at="2023-07-11T09:59:40 IST" name="tearDownClass" finished-at="2023-07-11T10:00:07 IST" duration-ms="27179" status="PASS">
          <reporter-output>
          </reporter-output>
        </test-method> <!-- tearDownClass -->
      </class> <!-- Runner.TestApplication -->
    </test> <!-- Default test -->
  </suite> <!-- Default suite -->
</testng-results>
