<?xml version="1.0" encoding="UTF-8"?>
<testng-results ignored="0" total="1" passed="0" failed="1" skipped="0">
  <reporter-output>
  </reporter-output>
  <suite started-at="2023-09-22T17:52:29 IST" name="Default suite" finished-at="2023-09-22T17:53:26 IST" duration-ms="56593">
    <groups>
      <group name="cucumber">
        <method signature="AbstractTestNGCucumberTests.runScenario(io.cucumber.testng.PickleWrapper,io.cucumber.testng.FeatureWrapper)[pri:0, instance:Runner.TestApplication@663c9e7a]" name="runScenario" class="io.cucumber.testng.AbstractTestNGCucumberTests"/>
      </group> <!-- cucumber -->
    </groups>
    <test started-at="2023-09-22T17:52:29 IST" name="Default test" finished-at="2023-09-22T17:53:26 IST" duration-ms="56593">
      <class name="Runner.TestApplication">
        <test-method is-config="true" signature="setUpClass()[pri:0, instance:Runner.TestApplication@663c9e7a]" started-at="2023-09-22T17:52:29 IST" name="setUpClass" finished-at="2023-09-22T17:52:30 IST" duration-ms="898" status="PASS">
          <reporter-output>
          </reporter-output>
        </test-method> <!-- setUpClass -->
        <test-method signature="runScenario(io.cucumber.testng.PickleWrapper,io.cucumber.testng.FeatureWrapper)[pri:0, instance:Runner.TestApplication@663c9e7a]" started-at="2023-09-22T17:52:30 IST" name="runScenario" description="Runs Cucumber Scenarios" data-provider="scenarios" finished-at="2023-09-22T17:53:15 IST" duration-ms="44952" status="FAIL">
          <params>
            <param index="0">
              <value>
                <![CDATA["ITFCI160285"]]>
              </value>
            </param>
            <param index="1">
              <value>
                <![CDATA["Optional[To Test the request for financing with ITFC]"]]>
              </value>
            </param>
          </params>
          <exception class="java.lang.AssertionError">
            <message>
              <![CDATA[no such element: Unable to locate element: {"method":"xpath","selector":"//input[@id='new_1695384247049_fmsSpecificDetailsVO.COUNTRY_CODE_lookuptxt_fmsSpecificCountriesGrid_333RF00MT']"}
  (Session info: chrome=116.0.5845.188)
For documentation on this error, please visit: https://www.selenium.dev/documentation/webdriver/troubleshooting/errors#no-such-element-exception
Build info: version: '4.12.1', revision: '8e34639b11'
System info: os.name: 'Windows 10', os.arch: 'amd64', os.version: '10.0', java.version: '17.0.7'
Driver info: org.openqa.selenium.chrome.ChromeDriver
Command: [4bc10ef6cd7cfc681148fe81b714c12a, findElement {using=xpath, value=//input[@id='new_1695384247049_fmsSpecificDetailsVO.COUNTRY_CODE_lookuptxt_fmsSpecificCountriesGrid_333RF00MT']}]
Capabilities {acceptInsecureCerts: false, browserName: chrome, browserVersion: 116.0.5845.188, chrome: {chromedriverVersion: 116.0.5845.96 (1a3918166880..., userDataDir: C:\Users\ININDC~1\AppData\L...}, fedcm:accounts: true, goog:chromeOptions: {debuggerAddress: localhost:57418}, networkConnectionEnabled: false, pageLoadStrategy: normal, platformName: windows, proxy: Proxy(), se:cdp: ws://localhost:57418/devtoo..., se:cdpVersion: 116.0.5845.188, setWindowRect: true, strictFileInteractability: false, timeouts: {implicit: 0, pageLoad: 300000, script: 30000}, unhandledPromptBehavior: dismiss and notify, webauthn:extension:credBlob: true, webauthn:extension:largeBlob: true, webauthn:extension:minPinLength: true, webauthn:extension:prf: true, webauthn:virtualAuthenticators: true}
Session ID: 4bc10ef6cd7cfc681148fe81b714c12a]]>
            </message>
            <full-stacktrace>
              <![CDATA[java.lang.AssertionError: no such element: Unable to locate element: {"method":"xpath","selector":"//input[@id='new_1695384247049_fmsSpecificDetailsVO.COUNTRY_CODE_lookuptxt_fmsSpecificCountriesGrid_333RF00MT']"}
  (Session info: chrome=116.0.5845.188)
For documentation on this error, please visit: https://www.selenium.dev/documentation/webdriver/troubleshooting/errors#no-such-element-exception
Build info: version: '4.12.1', revision: '8e34639b11'
System info: os.name: 'Windows 10', os.arch: 'amd64', os.version: '10.0', java.version: '17.0.7'
Driver info: org.openqa.selenium.chrome.ChromeDriver
Command: [4bc10ef6cd7cfc681148fe81b714c12a, findElement {using=xpath, value=//input[@id='new_1695384247049_fmsSpecificDetailsVO.COUNTRY_CODE_lookuptxt_fmsSpecificCountriesGrid_333RF00MT']}]
Capabilities {acceptInsecureCerts: false, browserName: chrome, browserVersion: 116.0.5845.188, chrome: {chromedriverVersion: 116.0.5845.96 (1a3918166880..., userDataDir: C:\Users\ININDC~1\AppData\L...}, fedcm:accounts: true, goog:chromeOptions: {debuggerAddress: localhost:57418}, networkConnectionEnabled: false, pageLoadStrategy: normal, platformName: windows, proxy: Proxy(), se:cdp: ws://localhost:57418/devtoo..., se:cdpVersion: 116.0.5845.188, setWindowRect: true, strictFileInteractability: false, timeouts: {implicit: 0, pageLoad: 300000, script: 30000}, unhandledPromptBehavior: dismiss and notify, webauthn:extension:credBlob: true, webauthn:extension:largeBlob: true, webauthn:extension:minPinLength: true, webauthn:extension:prf: true, webauthn:virtualAuthenticators: true}
Session ID: 4bc10ef6cd7cfc681148fe81b714c12a
at org.testng.Assert.fail(Assert.java:99)
at stepdefinitions.RequestforfinancingITFC_Steps_611.user_enter_the_country_code_in_specific_countries(RequestforfinancingITFC_Steps_611.java:113)
at ✽.User_611 Enter the country code in specific countries(file:///C:/Users/inindc00611/git/FMS1/AzentioAutomationFramework_FMS_kowsalyaa/src/test/java/features/RequestforfinancingITFC_611.feature:16)
]]>
            </full-stacktrace>
          </exception> <!-- java.lang.AssertionError -->
          <reporter-output>
          </reporter-output>
        </test-method> <!-- runScenario -->
        <test-method is-config="true" signature="tearDownClass()[pri:0, instance:Runner.TestApplication@663c9e7a]" started-at="2023-09-22T17:53:15 IST" name="tearDownClass" finished-at="2023-09-22T17:53:26 IST" duration-ms="10704" status="PASS">
          <reporter-output>
          </reporter-output>
        </test-method> <!-- tearDownClass -->
      </class> <!-- Runner.TestApplication -->
    </test> <!-- Default test -->
  </suite> <!-- Default suite -->
</testng-results>
