<?xml version="1.0" encoding="UTF-8"?>
<testng-results ignored="0" total="1" passed="1" failed="0" skipped="0">
  <reporter-output>
  </reporter-output>
  <suite started-at="2023-07-14T16:35:31 IST" name="Default suite" finished-at="2023-07-14T16:38:09 IST" duration-ms="157961">
    <groups>
      <group name="cucumber">
        <method signature="AbstractTestNGCucumberTests.runScenario(io.cucumber.testng.PickleWrapper,io.cucumber.testng.FeatureWrapper)[pri:0, instance:Runner.TestApplication@19e4653c]" name="runScenario" class="io.cucumber.testng.AbstractTestNGCucumberTests"/>
      </group> <!-- cucumber -->
    </groups>
    <test started-at="2023-07-14T16:35:31 IST" name="Default test" finished-at="2023-07-14T16:38:09 IST" duration-ms="157961">
      <class name="Runner.TestApplication">
        <test-method is-config="true" signature="setUpClass()[pri:0, instance:Runner.TestApplication@19e4653c]" started-at="2023-07-14T16:35:31 IST" name="setUpClass" finished-at="2023-07-14T16:35:33 IST" duration-ms="2134" status="PASS">
          <reporter-output>
          </reporter-output>
        </test-method> <!-- setUpClass -->
        <test-method signature="runScenario(io.cucumber.testng.PickleWrapper,io.cucumber.testng.FeatureWrapper)[pri:0, instance:Runner.TestApplication@19e4653c]" started-at="2023-07-14T16:35:33 IST" name="runScenario" description="Runs Cucumber Scenarios" data-provider="scenarios" finished-at="2023-07-14T16:37:39 IST" duration-ms="126199" status="PASS">
          <params>
            <param index="0">
              <value>
                <![CDATA["ABSAI190039 - Difference in FMS and IIS re payment plan"]]>
              </value>
            </param>
            <param index="1">
              <value>
                <![CDATA["Optional[RepaymentPlan]"]]>
              </value>
            </param>
          </params>
          <reporter-output>
          </reporter-output>
        </test-method> <!-- runScenario -->
        <test-method is-config="true" signature="tearDownClass()[pri:0, instance:Runner.TestApplication@19e4653c]" started-at="2023-07-14T16:37:39 IST" name="tearDownClass" finished-at="2023-07-14T16:38:09 IST" duration-ms="29500" status="PASS">
          <reporter-output>
          </reporter-output>
        </test-method> <!-- tearDownClass -->
      </class> <!-- Runner.TestApplication -->
    </test> <!-- Default test -->
  </suite> <!-- Default suite -->
</testng-results>
