<?xml version="1.0" encoding="UTF-8"?>
<testng-results ignored="0" total="1" passed="0" failed="1" skipped="0">
  <reporter-output>
  </reporter-output>
  <suite started-at="2023-07-07T17:36:34 IST" name="Default suite" finished-at="2023-07-07T17:37:33 IST" duration-ms="59142">
    <groups>
      <group name="cucumber">
        <method signature="AbstractTestNGCucumberTests.runScenario(io.cucumber.testng.PickleWrapper,io.cucumber.testng.FeatureWrapper)[pri:0, instance:Runner.TestApplication@795509d9]" name="runScenario" class="io.cucumber.testng.AbstractTestNGCucumberTests"/>
      </group> <!-- cucumber -->
    </groups>
    <test started-at="2023-07-07T17:36:34 IST" name="Default test" finished-at="2023-07-07T17:37:33 IST" duration-ms="59142">
      <class name="Runner.TestApplication">
        <test-method is-config="true" signature="setUpClass()[pri:0, instance:Runner.TestApplication@795509d9]" started-at="2023-07-07T17:36:34 IST" name="setUpClass" finished-at="2023-07-07T17:36:36 IST" duration-ms="1923" status="PASS">
          <reporter-output>
          </reporter-output>
        </test-method> <!-- setUpClass -->
        <test-method signature="runScenario(io.cucumber.testng.PickleWrapper,io.cucumber.testng.FeatureWrapper)[pri:0, instance:Runner.TestApplication@795509d9]" started-at="2023-07-07T17:36:36 IST" name="runScenario" description="Runs Cucumber Scenarios" data-provider="scenarios" finished-at="2023-07-07T17:37:22 IST" duration-ms="46811" status="FAIL">
          <params>
            <param index="0">
              <value>
                <![CDATA["IIAB150095 - Error while updating collateral."]]>
              </value>
            </param>
            <param index="1">
              <value>
                <![CDATA["Optional[Colletral Management]"]]>
              </value>
            </param>
          </params>
          <exception class="io.cucumber.core.runner.AmbiguousStepDefinitionsException">
            <message>
              <![CDATA["User_611 Click the ok button" matches more than one step definition:
  "User_611 Click the ok button" in stepdefinitions.ApplicationforfinancialfacilitySTEPS_611.user_click_the_ok_button()
  "^User_611 Click the ok button$" in stepdefinitions.CollateralManagementSteps_611.user_611_click_the_ok_button()]]>
            </message>
            <full-stacktrace>
              <![CDATA[io.cucumber.core.runner.AmbiguousStepDefinitionsException: "User_611 Click the ok button" matches more than one step definition:
  "User_611 Click the ok button" in stepdefinitions.ApplicationforfinancialfacilitySTEPS_611.user_click_the_ok_button()
  "^User_611 Click the ok button$" in stepdefinitions.CollateralManagementSteps_611.user_611_click_the_ok_button()
at io.cucumber.core.runner.CachingGlue.findStepDefinitionMatch(CachingGlue.java:373)
at io.cucumber.core.runner.CachingGlue.stepDefinitionMatch(CachingGlue.java:341)
at io.cucumber.core.runner.Runner.matchStepToStepDefinition(Runner.java:146)
at io.cucumber.core.runner.Runner.createTestStepsForPickleSteps(Runner.java:126)
at io.cucumber.core.runner.Runner.createTestCaseForPickle(Runner.java:109)
at io.cucumber.core.runner.Runner.runPickle(Runner.java:70)
at io.cucumber.testng.TestNGCucumberRunner.lambda$runScenario$0(TestNGCucumberRunner.java:116)
at io.cucumber.core.runtime.CucumberExecutionContext.runTestCase(CucumberExecutionContext.java:117)
at io.cucumber.testng.TestNGCucumberRunner.runScenario(TestNGCucumberRunner.java:113)
at io.cucumber.testng.AbstractTestNGCucumberTests.runScenario(AbstractTestNGCucumberTests.java:31)
at java.base/jdk.internal.reflect.NativeMethodAccessorImpl.invoke0(Native Method)
at java.base/jdk.internal.reflect.NativeMethodAccessorImpl.invoke(NativeMethodAccessorImpl.java:77)
at java.base/jdk.internal.reflect.DelegatingMethodAccessorImpl.invoke(DelegatingMethodAccessorImpl.java:43)
at java.base/java.lang.reflect.Method.invoke(Method.java:568)
at org.testng.internal.MethodInvocationHelper.invokeMethod(MethodInvocationHelper.java:133)
at org.testng.internal.TestInvoker.invokeMethod(TestInvoker.java:598)
at org.testng.internal.TestInvoker.invokeTestMethod(TestInvoker.java:173)
at org.testng.internal.MethodRunner.runInSequence(MethodRunner.java:46)
at org.testng.internal.TestInvoker$MethodInvocationAgent.invoke(TestInvoker.java:824)
at org.testng.internal.TestInvoker.invokeTestMethods(TestInvoker.java:146)
at org.testng.internal.TestMethodWorker.invokeTestMethods(TestMethodWorker.java:146)
at org.testng.internal.TestMethodWorker.run(TestMethodWorker.java:128)
at java.base/java.util.ArrayList.forEach(ArrayList.java:1511)
at org.testng.TestRunner.privateRun(TestRunner.java:794)
at org.testng.TestRunner.run(TestRunner.java:596)
at org.testng.SuiteRunner.runTest(SuiteRunner.java:377)
at org.testng.SuiteRunner.runSequentially(SuiteRunner.java:371)
at org.testng.SuiteRunner.privateRun(SuiteRunner.java:332)
at org.testng.SuiteRunner.run(SuiteRunner.java:276)
at org.testng.SuiteRunnerWorker.runSuite(SuiteRunnerWorker.java:53)
at org.testng.SuiteRunnerWorker.run(SuiteRunnerWorker.java:96)
at org.testng.TestNG.runSuitesSequentially(TestNG.java:1212)
at org.testng.TestNG.runSuitesLocally(TestNG.java:1134)
at org.testng.TestNG.runSuites(TestNG.java:1063)
at org.testng.TestNG.run(TestNG.java:1031)
at org.testng.remote.AbstractRemoteTestNG.run(AbstractRemoteTestNG.java:115)
at org.testng.remote.RemoteTestNG.initAndRun(RemoteTestNG.java:251)
at org.testng.remote.RemoteTestNG.main(RemoteTestNG.java:77)
]]>
            </full-stacktrace>
          </exception> <!-- io.cucumber.core.runner.AmbiguousStepDefinitionsException -->
          <reporter-output>
          </reporter-output>
        </test-method> <!-- runScenario -->
        <test-method is-config="true" signature="tearDownClass()[pri:0, instance:Runner.TestApplication@795509d9]" started-at="2023-07-07T17:37:23 IST" name="tearDownClass" finished-at="2023-07-07T17:37:33 IST" duration-ms="10313" status="PASS">
          <reporter-output>
          </reporter-output>
        </test-method> <!-- tearDownClass -->
      </class> <!-- Runner.TestApplication -->
    </test> <!-- Default test -->
  </suite> <!-- Default suite -->
</testng-results>
