<?xml version="1.0" encoding="UTF-8"?>
<!-- Generated by org.testng.reporters.JUnitReportReporter -->
<testsuite hostname="INMUVAVD000608" failures="0" tests="1" name="Runner.TestApplication" time="114.268" errors="1" timestamp="2023-07-17T18:35:52 IST" skipped="0">
  <testcase classname="Runner.TestApplication" name="runScenario" time="114.268">
    <error message="Cannot invoke &quot;java.util.Map.get(Object)&quot; because &quot;this.testData&quot; is null" type="java.lang.NullPointerException">
      <![CDATA[java.lang.NullPointerException: Cannot invoke "java.util.Map.get(Object)" because "this.testData" is null
at stepdefinitions.ApplicationFinancialFacilitySteps_608.user_select_the_required_as_required_under_marketed_by_cutomize_tab(ApplicationFinancialFacilitySteps_608.java:3571)
at ✽.User_608 select the Required as Required under Marketed By Cutomize tab(file:///C:/Users/inindc00608/git/Sankar_FMS/FMS_SankarS2/src/test/java/features/AccountingEntries_608.feature:38)
]]>
    </error>
  </testcase> <!-- runScenario -->
  <system-out/>
</testsuite> <!-- Runner.TestApplication -->
