<?xml version="1.0" encoding="UTF-8"?>
<!-- Generated by org.testng.reporters.JUnitReportReporter -->
<testsuite hostname="INMUVAVD000608" failures="1" tests="1" name="Runner.TestApplication" time="810.480" errors="0" timestamp="2023-08-18T17:25:46 IST" skipped="0">
  <testcase classname="Runner.TestApplication" name="runScenario" time="810.480">
    <failure message="element click intercepted: Element &lt;button type=&quot;button&quot; tosubmit=&quot;true&quot; id=&quot;savebutton_T036MT&quot; value=&quot;Submit&quot; class=&quot;ui-button ui-widget ui-state-default ui-corner-all ui-button-text-icon-primary&quot; freezeonsubmit=&quot;true&quot; role=&quot;button&quot; aria-disabled=&quot;false&quot;&gt;...&lt;/button&gt; is not clickable at point (268, 652). Other element would receive the click: &lt;div class=&quot;jMsgbox-background&quot; style=&quot;position: fixed; width: 1536px; height: 702px; z-index: 999999; opacity: 0.6; top: 0px; left: 0px;&quot;&gt;&lt;/div&gt;
  (Session info: chrome=116.0.5845.96)
Build info: version: &#039;4.11.0&#039;, revision: &#039;040bc5406b&#039;
System info: os.name: &#039;Windows 10&#039;, os.arch: &#039;amd64&#039;, os.version: &#039;10.0&#039;, java.version: &#039;16.0.2&#039;
Driver info: org.openqa.selenium.chrome.ChromeDriver
Command: [03d52800f3b2af0e9acc46adde584303, clickElement {id=C2B6EE2855922707422B603F39E6F748_element_685}]
Capabilities {acceptInsecureCerts: false, browserName: chrome, browserVersion: 116.0.5845.96, chrome: {chromedriverVersion: 116.0.5845.96 (1a3918166880..., userDataDir: C:\Users\ININDC~1\AppData\L...}, fedcm:accounts: true, goog:chromeOptions: {debuggerAddress: localhost:55147}, networkConnectionEnabled: false, pageLoadStrategy: normal, platformName: windows, proxy: Proxy(), se:cdp: ws://localhost:55147/devtoo..., se:cdpVersion: 116.0.5845.96, setWindowRect: true, strictFileInteractability: false, timeouts: {implicit: 0, pageLoad: 300000, script: 30000}, unhandledPromptBehavior: dismiss and notify, webauthn:extension:credBlob: true, webauthn:extension:largeBlob: true, webauthn:extension:minPinLength: true, webauthn:extension:prf: true, webauthn:virtualAuthenticators: true}
Element: [[ChromeDriver: chrome on windows (03d52800f3b2af0e9acc46adde584303)] -&gt; xpath: //button[@id=&#039;savebutton_T036MT&#039;]]
Session ID: 03d52800f3b2af0e9acc46adde584303" type="java.lang.AssertionError">
      <![CDATA[java.lang.AssertionError: element click intercepted: Element <button type="button" tosubmit="true" id="savebutton_T036MT" value="Submit" class="ui-button ui-widget ui-state-default ui-corner-all ui-button-text-icon-primary" freezeonsubmit="true" role="button" aria-disabled="false">...</button> is not clickable at point (268, 652). Other element would receive the click: <div class="jMsgbox-background" style="position: fixed; width: 1536px; height: 702px; z-index: 999999; opacity: 0.6; top: 0px; left: 0px;"></div>
  (Session info: chrome=116.0.5845.96)
Build info: version: '4.11.0', revision: '040bc5406b'
System info: os.name: 'Windows 10', os.arch: 'amd64', os.version: '10.0', java.version: '16.0.2'
Driver info: org.openqa.selenium.chrome.ChromeDriver
Command: [03d52800f3b2af0e9acc46adde584303, clickElement {id=C2B6EE2855922707422B603F39E6F748_element_685}]
Capabilities {acceptInsecureCerts: false, browserName: chrome, browserVersion: 116.0.5845.96, chrome: {chromedriverVersion: 116.0.5845.96 (1a3918166880..., userDataDir: C:\Users\ININDC~1\AppData\L...}, fedcm:accounts: true, goog:chromeOptions: {debuggerAddress: localhost:55147}, networkConnectionEnabled: false, pageLoadStrategy: normal, platformName: windows, proxy: Proxy(), se:cdp: ws://localhost:55147/devtoo..., se:cdpVersion: 116.0.5845.96, setWindowRect: true, strictFileInteractability: false, timeouts: {implicit: 0, pageLoad: 300000, script: 30000}, unhandledPromptBehavior: dismiss and notify, webauthn:extension:credBlob: true, webauthn:extension:largeBlob: true, webauthn:extension:minPinLength: true, webauthn:extension:prf: true, webauthn:virtualAuthenticators: true}
Element: [[ChromeDriver: chrome on windows (03d52800f3b2af0e9acc46adde584303)] -> xpath: //button[@id='savebutton_T036MT']]
Session ID: 03d52800f3b2af0e9acc46adde584303
at org.testng.Assert.fail(Assert.java:99)
at stepdefinitions.IIS_IncidentalChargesSteps_608.user_click_the_save_button_in_maintenance_screen_under_advance_principal_settlement(IIS_IncidentalChargesSteps_608.java:1840)
at ✽.User_608 click the Save button in maintenance screen under Advance principal settlement(file:///C:/Users/inindc00608/git/Sankar_FMS/FMS_SankarS2/src/test/java/features_IIS/AdvancePrincipalSettlement_608.feature:86)
]]>
    </failure>
  </testcase> <!-- runScenario -->
  <system-out/>
</testsuite> <!-- Runner.TestApplication -->
