<?xml version="1.0" encoding="UTF-8"?>
<testng-results ignored="0" total="1" passed="1" failed="0" skipped="0">
  <reporter-output>
  </reporter-output>
  <suite started-at="2023-07-07T14:44:17 IST" name="Default suite" finished-at="2023-07-07T14:48:36 IST" duration-ms="259459">
    <groups>
      <group name="cucumber">
        <method signature="AbstractTestNGCucumberTests.runScenario(io.cucumber.testng.PickleWrapper,io.cucumber.testng.FeatureWrapper)[pri:0, instance:Runner.TestApplication@5d0bf09b]" name="runScenario" class="io.cucumber.testng.AbstractTestNGCucumberTests"/>
      </group> <!-- cucumber -->
    </groups>
    <test started-at="2023-07-07T14:44:17 IST" name="Default test" finished-at="2023-07-07T14:48:36 IST" duration-ms="259459">
      <class name="Runner.TestApplication">
        <test-method is-config="true" signature="setUpClass()[pri:0, instance:Runner.TestApplication@5d0bf09b]" started-at="2023-07-07T14:44:17 IST" name="setUpClass" finished-at="2023-07-07T14:44:18 IST" duration-ms="1229" status="PASS">
          <reporter-output>
          </reporter-output>
        </test-method> <!-- setUpClass -->
        <test-method signature="runScenario(io.cucumber.testng.PickleWrapper,io.cucumber.testng.FeatureWrapper)[pri:0, instance:Runner.TestApplication@5d0bf09b]" started-at="2023-07-07T14:44:18 IST" name="runScenario" description="Runs Cucumber Scenarios" data-provider="scenarios" finished-at="2023-07-07T14:48:10 IST" duration-ms="232284" status="PASS">
          <params>
            <param index="0">
              <value>
                <![CDATA["Checking the Alert functionality at the level of Application for Financial Facilities Maintenance where alert not mandatory for approval committee member"]]>
              </value>
            </param>
            <param index="1">
              <value>
                <![CDATA["Optional[To Test the FMS application]"]]>
              </value>
            </param>
          </params>
          <reporter-output>
          </reporter-output>
        </test-method> <!-- runScenario -->
        <test-method is-config="true" signature="tearDownClass()[pri:0, instance:Runner.TestApplication@5d0bf09b]" started-at="2023-07-07T14:48:10 IST" name="tearDownClass" finished-at="2023-07-07T14:48:36 IST" duration-ms="25881" status="PASS">
          <reporter-output>
          </reporter-output>
        </test-method> <!-- tearDownClass -->
      </class> <!-- Runner.TestApplication -->
    </test> <!-- Default test -->
  </suite> <!-- Default suite -->
</testng-results>
