<?xml version="1.0" encoding="UTF-8"?>
<testng-results ignored="0" total="1" passed="1" failed="0" skipped="0">
  <reporter-output>
  </reporter-output>
  <suite started-at="2023-05-06T15:42:41 IST" name="Default suite" finished-at="2023-05-06T15:43:12 IST" duration-ms="31735">
    <groups>
      <group name="cucumber">
        <method signature="AbstractTestNGCucumberTests.runScenario(io.cucumber.testng.PickleWrapper,io.cucumber.testng.FeatureWrapper)[pri:0, instance:Runner.TestApplication@8458f04]" name="runScenario" class="io.cucumber.testng.AbstractTestNGCucumberTests"/>
      </group> <!-- cucumber -->
    </groups>
    <test started-at="2023-05-06T15:42:41 IST" name="Default test" finished-at="2023-05-06T15:43:12 IST" duration-ms="31735">
      <class name="Runner.TestApplication">
        <test-method is-config="true" signature="setUpClass()[pri:0, instance:Runner.TestApplication@8458f04]" started-at="2023-05-06T15:42:41 IST" name="setUpClass" finished-at="2023-05-06T15:42:42 IST" duration-ms="1696" status="PASS">
          <reporter-output>
          </reporter-output>
        </test-method> <!-- setUpClass -->
        <test-method signature="runScenario(io.cucumber.testng.PickleWrapper,io.cucumber.testng.FeatureWrapper)[pri:0, instance:Runner.TestApplication@8458f04]" started-at="2023-05-06T15:42:42 IST" name="runScenario" description="Runs Cucumber Scenarios" data-provider="scenarios" finished-at="2023-05-06T15:43:05 IST" duration-ms="22247" status="PASS">
          <params>
            <param index="0">
              <value>
                <![CDATA["To Test the login functionality of FMS sads application"]]>
              </value>
            </param>
            <param index="1">
              <value>
                <![CDATA["Optional[To Test the FMS application login]"]]>
              </value>
            </param>
          </params>
          <reporter-output>
          </reporter-output>
        </test-method> <!-- runScenario -->
        <test-method is-config="true" signature="tearDownClass()[pri:0, instance:Runner.TestApplication@8458f04]" started-at="2023-05-06T15:43:05 IST" name="tearDownClass" finished-at="2023-05-06T15:43:12 IST" duration-ms="7706" status="PASS">
          <reporter-output>
          </reporter-output>
        </test-method> <!-- tearDownClass -->
      </class> <!-- Runner.TestApplication -->
    </test> <!-- Default test -->
  </suite> <!-- Default suite -->
</testng-results>
