<?xml version="1.0" encoding="UTF-8"?>
<testng-results ignored="0" total="1" passed="0" failed="1" skipped="0">
  <reporter-output>
  </reporter-output>
  <suite started-at="2023-05-19T17:01:58 IST" name="Default suite" finished-at="2023-05-19T17:04:13 IST" duration-ms="135645">
    <groups>
      <group name="cucumber">
        <method signature="AbstractTestNGCucumberTests.runScenario(io.cucumber.testng.PickleWrapper,io.cucumber.testng.FeatureWrapper)[pri:0, instance:Runner.TestApplication@795509d9]" name="runScenario" class="io.cucumber.testng.AbstractTestNGCucumberTests"/>
      </group> <!-- cucumber -->
    </groups>
    <test started-at="2023-05-19T17:01:58 IST" name="Default test" finished-at="2023-05-19T17:04:13 IST" duration-ms="135645">
      <class name="Runner.TestApplication">
        <test-method is-config="true" signature="setUpClass()[pri:0, instance:Runner.TestApplication@795509d9]" started-at="2023-05-19T17:01:58 IST" name="setUpClass" finished-at="2023-05-19T17:02:00 IST" duration-ms="2456" status="PASS">
          <reporter-output>
          </reporter-output>
        </test-method> <!-- setUpClass -->
        <test-method signature="runScenario(io.cucumber.testng.PickleWrapper,io.cucumber.testng.FeatureWrapper)[pri:0, instance:Runner.TestApplication@795509d9]" started-at="2023-05-19T17:02:00 IST" name="runScenario" description="Runs Cucumber Scenarios" data-provider="scenarios" finished-at="2023-05-19T17:03:53 IST" duration-ms="112606" status="FAIL">
          <params>
            <param index="0">
              <value>
                <![CDATA["TS-0002-FMS-Modification new fields at the level of Application for Financial facilities screens"]]>
              </value>
            </param>
            <param index="1">
              <value>
                <![CDATA["Optional[Application for Financial Facility]"]]>
              </value>
            </param>
          </params>
          <exception class="org.openqa.selenium.ElementClickInterceptedException">
            <message>
              <![CDATA[element click intercepted: Element <select name="requestFinancingCO.fmsRequestFinancingVO.REVOLVING_ONEOFF" class="selectCompSize ui-state-focus ui-corner-all" id="requestFinancingRevolvingOneOff_CSMRF00MT" listkey="code" listvalue="descValue" required="true" initialvalue="" prevvalue="" dependency="@JS_VAR_requestFinancingRevolvingOneOffDep_CSMRF00MT" dependencysrc="/imal_fms_portal_imal147_qa_o12/path/requestfinancing/RequestFinancingDetailsDependency_onChangeRevolvingOneOff" parameters="@JS_VAR_requestFinancingRevolvingOneOffParam_CSMRF00MT">...</select> is not clickable at point (549, 732). Other element would receive the click: <div class="ui-widget-shadow progBarBackGound"></div>
  (Session info: chrome=113.0.5672.94)
Build info: version: '4.8.1', revision: '8ebccac989'
System info: os.name: 'Windows 10', os.arch: 'amd64', os.version: '10.0', java.version: '17.0.7'
Driver info: org.openqa.selenium.chrome.ChromeDriver
Command: [922db4f897eecc75326c15f1003345cd, clickElement {id=676C92DAD19D03FB8F2E1F444E551DFC_element_180}]
Capabilities {acceptInsecureCerts: false, browserName: chrome, browserVersion: 113.0.5672.94, chrome: {chromedriverVersion: 113.0.5672.63 (0e1a4471d5ae..., userDataDir: C:\Users\ININDC~1\AppData\L...}, goog:chromeOptions: {debuggerAddress: localhost:60652}, networkConnectionEnabled: false, pageLoadStrategy: normal, platformName: WINDOWS, proxy: Proxy(), se:cdp: ws://localhost:60652/devtoo..., se:cdpVersion: 113.0.5672.94, setWindowRect: true, strictFileInteractability: false, timeouts: {implicit: 0, pageLoad: 300000, script: 30000}, unhandledPromptBehavior: dismiss and notify, webauthn:extension:credBlob: true, webauthn:extension:largeBlob: true, webauthn:extension:minPinLength: true, webauthn:extension:prf: true, webauthn:virtualAuthenticators: true}
Element: [[ChromeDriver: chrome on WINDOWS (922db4f897eecc75326c15f1003345cd)] -> id: requestFinancingRevolvingOneOff_CSMRF00MT]
Session ID: 922db4f897eecc75326c15f1003345cd]]>
            </message>
            <full-stacktrace>
              <![CDATA[org.openqa.selenium.ElementClickInterceptedException: element click intercepted: Element <select name="requestFinancingCO.fmsRequestFinancingVO.REVOLVING_ONEOFF" class="selectCompSize ui-state-focus ui-corner-all" id="requestFinancingRevolvingOneOff_CSMRF00MT" listkey="code" listvalue="descValue" required="true" initialvalue="" prevvalue="" dependency="@JS_VAR_requestFinancingRevolvingOneOffDep_CSMRF00MT" dependencysrc="/imal_fms_portal_imal147_qa_o12/path/requestfinancing/RequestFinancingDetailsDependency_onChangeRevolvingOneOff" parameters="@JS_VAR_requestFinancingRevolvingOneOffParam_CSMRF00MT">...</select> is not clickable at point (549, 732). Other element would receive the click: <div class="ui-widget-shadow progBarBackGound"></div>
  (Session info: chrome=113.0.5672.94)
Build info: version: '4.8.1', revision: '8ebccac989'
System info: os.name: 'Windows 10', os.arch: 'amd64', os.version: '10.0', java.version: '17.0.7'
Driver info: org.openqa.selenium.chrome.ChromeDriver
Command: [922db4f897eecc75326c15f1003345cd, clickElement {id=676C92DAD19D03FB8F2E1F444E551DFC_element_180}]
Capabilities {acceptInsecureCerts: false, browserName: chrome, browserVersion: 113.0.5672.94, chrome: {chromedriverVersion: 113.0.5672.63 (0e1a4471d5ae..., userDataDir: C:\Users\ININDC~1\AppData\L...}, goog:chromeOptions: {debuggerAddress: localhost:60652}, networkConnectionEnabled: false, pageLoadStrategy: normal, platformName: WINDOWS, proxy: Proxy(), se:cdp: ws://localhost:60652/devtoo..., se:cdpVersion: 113.0.5672.94, setWindowRect: true, strictFileInteractability: false, timeouts: {implicit: 0, pageLoad: 300000, script: 30000}, unhandledPromptBehavior: dismiss and notify, webauthn:extension:credBlob: true, webauthn:extension:largeBlob: true, webauthn:extension:minPinLength: true, webauthn:extension:prf: true, webauthn:virtualAuthenticators: true}
Element: [[ChromeDriver: chrome on WINDOWS (922db4f897eecc75326c15f1003345cd)] -> id: requestFinancingRevolvingOneOff_CSMRF00MT]
Session ID: 922db4f897eecc75326c15f1003345cd
at java.base/jdk.internal.reflect.NativeConstructorAccessorImpl.newInstance0(Native Method)
at java.base/jdk.internal.reflect.NativeConstructorAccessorImpl.newInstance(NativeConstructorAccessorImpl.java:77)
at java.base/jdk.internal.reflect.DelegatingConstructorAccessorImpl.newInstance(DelegatingConstructorAccessorImpl.java:45)
at java.base/java.lang.reflect.Constructor.newInstanceWithCaller(Constructor.java:499)
at java.base/java.lang.reflect.Constructor.newInstance(Constructor.java:480)
at org.openqa.selenium.remote.codec.w3c.W3CHttpResponseCodec.createException(W3CHttpResponseCodec.java:200)
at org.openqa.selenium.remote.codec.w3c.W3CHttpResponseCodec.decode(W3CHttpResponseCodec.java:133)
at org.openqa.selenium.remote.codec.w3c.W3CHttpResponseCodec.decode(W3CHttpResponseCodec.java:53)
at org.openqa.selenium.remote.HttpCommandExecutor.execute(HttpCommandExecutor.java:184)
at org.openqa.selenium.remote.service.DriverCommandExecutor.invokeExecute(DriverCommandExecutor.java:167)
at org.openqa.selenium.remote.service.DriverCommandExecutor.execute(DriverCommandExecutor.java:142)
at org.openqa.selenium.remote.RemoteWebDriver.execute(RemoteWebDriver.java:543)
at org.openqa.selenium.remote.RemoteWebElement.execute(RemoteWebElement.java:257)
at org.openqa.selenium.remote.RemoteWebElement.click(RemoteWebElement.java:78)
at java.base/jdk.internal.reflect.NativeMethodAccessorImpl.invoke0(Native Method)
at java.base/jdk.internal.reflect.NativeMethodAccessorImpl.invoke(NativeMethodAccessorImpl.java:77)
at java.base/jdk.internal.reflect.DelegatingMethodAccessorImpl.invoke(DelegatingMethodAccessorImpl.java:43)
at java.base/java.lang.reflect.Method.invoke(Method.java:568)
at org.openqa.selenium.support.pagefactory.internal.LocatingElementHandler.invoke(LocatingElementHandler.java:52)
at jdk.proxy2/jdk.proxy2.$Proxy45.click(Unknown Source)
at helper.ClicksAndActionsHelper.clickOnElement(ClicksAndActionsHelper.java:22)
at stepdefinitions.Application_Financial_Facility.select_the_revolvingoneoff_option_in_facility_type_details_tab(Application_Financial_Facility.java:764)
at ✽.Select the Revolving/One-Off option in Facility Type Details tab(file:///C:/Users/inindc00609/eclipse-workspace/AzentioAutomationFramework_FMS_VIJAY/src/test/java/features/ApplicationforFinancialFacility.feature:156)
]]>
            </full-stacktrace>
          </exception> <!-- org.openqa.selenium.ElementClickInterceptedException -->
          <reporter-output>
          </reporter-output>
        </test-method> <!-- runScenario -->
        <test-method is-config="true" signature="tearDownClass()[pri:0, instance:Runner.TestApplication@795509d9]" started-at="2023-05-19T17:03:53 IST" name="tearDownClass" finished-at="2023-05-19T17:04:13 IST" duration-ms="20499" status="PASS">
          <reporter-output>
          </reporter-output>
        </test-method> <!-- tearDownClass -->
      </class> <!-- Runner.TestApplication -->
    </test> <!-- Default test -->
  </suite> <!-- Default suite -->
</testng-results>
