<?xml version="1.0" encoding="UTF-8"?>
<testng-results ignored="0" total="1" passed="0" failed="1" skipped="0">
  <reporter-output>
  </reporter-output>
  <suite started-at="2023-07-20T14:18:28 IST" name="Default suite" finished-at="2023-07-20T14:22:57 IST" duration-ms="269598">
    <groups>
      <group name="cucumber">
        <method signature="AbstractTestNGCucumberTests.runScenario(io.cucumber.testng.PickleWrapper,io.cucumber.testng.FeatureWrapper)[pri:0, instance:Runner.TestApplication@66ea810]" name="runScenario" class="io.cucumber.testng.AbstractTestNGCucumberTests"/>
      </group> <!-- cucumber -->
    </groups>
    <test started-at="2023-07-20T14:18:28 IST" name="Default test" finished-at="2023-07-20T14:22:57 IST" duration-ms="269598">
      <class name="Runner.TestApplication">
        <test-method is-config="true" signature="setUpClass()[pri:0, instance:Runner.TestApplication@66ea810]" started-at="2023-07-20T14:18:28 IST" name="setUpClass" finished-at="2023-07-20T14:18:29 IST" duration-ms="1025" status="PASS">
          <reporter-output>
          </reporter-output>
        </test-method> <!-- setUpClass -->
        <test-method signature="runScenario(io.cucumber.testng.PickleWrapper,io.cucumber.testng.FeatureWrapper)[pri:0, instance:Runner.TestApplication@66ea810]" started-at="2023-07-20T14:18:29 IST" name="runScenario" description="Runs Cucumber Scenarios" data-provider="scenarios" finished-at="2023-07-20T14:22:41 IST" duration-ms="252197" status="FAIL">
          <params>
            <param index="0">
              <value>
                <![CDATA["AIBBI190512 - Error produced by system while approving the application backed from the level of Credit Review under “Request for Mod with Mana"]]>
              </value>
            </param>
            <param index="1">
              <value>
                <![CDATA["Optional[Credit Review]"]]>
              </value>
            </param>
          </params>
          <exception class="java.lang.AssertionError">
            <message>
              <![CDATA[no such element: Unable to locate element: {"method":"xpath","selector":"//table[@id='gridtab_requestFinancingLimitDetailsGeneralFacilityProductClass_RFFRF00MT']/tbody/tr/td[text()='0']"}
  (Session info: chrome=115.0.5790.99)
For documentation on this error, please visit: https://selenium.dev/exceptions/#no_such_element
Build info: version: '4.8.1', revision: '8ebccac989'
System info: os.name: 'Windows 10', os.arch: 'amd64', os.version: '10.0', java.version: '17.0.7'
Driver info: org.openqa.selenium.chrome.ChromeDriver
Command: [b45a8ec91993152527e61eb8430b3eef, findElement {using=xpath, value=//table[@id='gridtab_requestFinancingLimitDetailsGeneralFacilityProductClass_RFFRF00MT']/tbody/tr/td[text()='0']}]
Capabilities {acceptInsecureCerts: false, browserName: chrome, browserVersion: 115.0.5790.99, chrome: {chromedriverVersion: 114.0.5735.90 (386bc09e8f4f..., userDataDir: C:\Users\balab\AppData\Loca...}, goog:chromeOptions: {debuggerAddress: localhost:53703}, networkConnectionEnabled: false, pageLoadStrategy: normal, platformName: WINDOWS, proxy: Proxy(), se:cdp: ws://localhost:53703/devtoo..., se:cdpVersion: 115.0.5790.99, setWindowRect: true, strictFileInteractability: false, timeouts: {implicit: 0, pageLoad: 300000, script: 30000}, unhandledPromptBehavior: dismiss and notify, webauthn:extension:credBlob: true, webauthn:extension:largeBlob: true, webauthn:extension:minPinLength: true, webauthn:extension:prf: true, webauthn:virtualAuthenticators: true}
Session ID: b45a8ec91993152527e61eb8430b3eef]]>
            </message>
            <full-stacktrace>
              <![CDATA[java.lang.AssertionError: no such element: Unable to locate element: {"method":"xpath","selector":"//table[@id='gridtab_requestFinancingLimitDetailsGeneralFacilityProductClass_RFFRF00MT']/tbody/tr/td[text()='0']"}
  (Session info: chrome=115.0.5790.99)
For documentation on this error, please visit: https://selenium.dev/exceptions/#no_such_element
Build info: version: '4.8.1', revision: '8ebccac989'
System info: os.name: 'Windows 10', os.arch: 'amd64', os.version: '10.0', java.version: '17.0.7'
Driver info: org.openqa.selenium.chrome.ChromeDriver
Command: [b45a8ec91993152527e61eb8430b3eef, findElement {using=xpath, value=//table[@id='gridtab_requestFinancingLimitDetailsGeneralFacilityProductClass_RFFRF00MT']/tbody/tr/td[text()='0']}]
Capabilities {acceptInsecureCerts: false, browserName: chrome, browserVersion: 115.0.5790.99, chrome: {chromedriverVersion: 114.0.5735.90 (386bc09e8f4f..., userDataDir: C:\Users\balab\AppData\Loca...}, goog:chromeOptions: {debuggerAddress: localhost:53703}, networkConnectionEnabled: false, pageLoadStrategy: normal, platformName: WINDOWS, proxy: Proxy(), se:cdp: ws://localhost:53703/devtoo..., se:cdpVersion: 115.0.5790.99, setWindowRect: true, strictFileInteractability: false, timeouts: {implicit: 0, pageLoad: 300000, script: 30000}, unhandledPromptBehavior: dismiss and notify, webauthn:extension:credBlob: true, webauthn:extension:largeBlob: true, webauthn:extension:minPinLength: true, webauthn:extension:prf: true, webauthn:virtualAuthenticators: true}
Session ID: b45a8ec91993152527e61eb8430b3eef
at org.testng.Assert.fail(Assert.java:111)
at stepdefinitions.FMS_StepDefinition_609.User_609_Select_the_product_Class_in_Request(FMS_StepDefinition_609.java:2308)
at ✽.User_609 Select the Product Class in Request(file:///C:/Users/balab/git/AZENTIO-FMS/AzentioAutomationFramework_FMS_VIJAY3/src/test/java/features/CreditReview_609.feature:21)
]]>
            </full-stacktrace>
          </exception> <!-- java.lang.AssertionError -->
          <reporter-output>
          </reporter-output>
        </test-method> <!-- runScenario -->
        <test-method is-config="true" signature="tearDownClass()[pri:0, instance:Runner.TestApplication@66ea810]" started-at="2023-07-20T14:22:41 IST" name="tearDownClass" finished-at="2023-07-20T14:22:57 IST" duration-ms="16306" status="PASS">
          <reporter-output>
          </reporter-output>
        </test-method> <!-- tearDownClass -->
      </class> <!-- Runner.TestApplication -->
    </test> <!-- Default test -->
  </suite> <!-- Default suite -->
</testng-results>
