<?xml version="1.0" encoding="UTF-8"?>
<testng-results ignored="0" total="1" passed="1" failed="0" skipped="0">
  <reporter-output>
  </reporter-output>
  <suite started-at="2023-06-29T15:48:21 IST" name="Default suite" finished-at="2023-06-29T15:52:19 IST" duration-ms="238399">
    <groups>
      <group name="cucumber">
        <method signature="AbstractTestNGCucumberTests.runScenario(io.cucumber.testng.PickleWrapper,io.cucumber.testng.FeatureWrapper)[pri:0, instance:Runner.TestApplication@5dafbe45]" name="runScenario" class="io.cucumber.testng.AbstractTestNGCucumberTests"/>
      </group> <!-- cucumber -->
    </groups>
    <test started-at="2023-06-29T15:48:21 IST" name="Default test" finished-at="2023-06-29T15:52:19 IST" duration-ms="238399">
      <class name="Runner.TestApplication">
        <test-method is-config="true" signature="setUpClass()[pri:0, instance:Runner.TestApplication@5dafbe45]" started-at="2023-06-29T15:48:21 IST" name="setUpClass" finished-at="2023-06-29T15:48:23 IST" duration-ms="2171" status="PASS">
          <reporter-output>
          </reporter-output>
        </test-method> <!-- setUpClass -->
        <test-method signature="runScenario(io.cucumber.testng.PickleWrapper,io.cucumber.testng.FeatureWrapper)[pri:0, instance:Runner.TestApplication@5dafbe45]" started-at="2023-06-29T15:48:23 IST" name="runScenario" description="Runs Cucumber Scenarios" data-provider="scenarios" finished-at="2023-06-29T15:51:30 IST" duration-ms="186872" status="PASS">
          <params>
            <param index="0">
              <value>
                <![CDATA["IIAB150404 - Modification In Draw Down Request Screen"]]>
              </value>
            </param>
            <param index="1">
              <value>
                <![CDATA["Optional[Draw Down Request]"]]>
              </value>
            </param>
          </params>
          <reporter-output>
          </reporter-output>
        </test-method> <!-- runScenario -->
        <test-method is-config="true" signature="tearDownClass()[pri:0, instance:Runner.TestApplication@5dafbe45]" started-at="2023-06-29T15:51:30 IST" name="tearDownClass" finished-at="2023-06-29T15:52:19 IST" duration-ms="49210" status="PASS">
          <reporter-output>
          </reporter-output>
        </test-method> <!-- tearDownClass -->
      </class> <!-- Runner.TestApplication -->
    </test> <!-- Default test -->
  </suite> <!-- Default suite -->
</testng-results>
