<?xml version="1.0" encoding="UTF-8"?>
<testng-results ignored="0" total="1" passed="0" failed="1" skipped="0">
  <reporter-output>
  </reporter-output>
  <suite started-at="2023-07-13T18:23:44 IST" name="Default suite" finished-at="2023-07-13T18:26:05 IST" duration-ms="141336">
    <groups>
      <group name="cucumber">
        <method signature="AbstractTestNGCucumberTests.runScenario(io.cucumber.testng.PickleWrapper,io.cucumber.testng.FeatureWrapper)[pri:0, instance:Runner.TestApplication@795509d9]" name="runScenario" class="io.cucumber.testng.AbstractTestNGCucumberTests"/>
      </group> <!-- cucumber -->
    </groups>
    <test started-at="2023-07-13T18:23:44 IST" name="Default test" finished-at="2023-07-13T18:26:05 IST" duration-ms="141336">
      <class name="Runner.TestApplication">
        <test-method is-config="true" signature="setUpClass()[pri:0, instance:Runner.TestApplication@795509d9]" started-at="2023-07-13T18:23:44 IST" name="setUpClass" finished-at="2023-07-13T18:23:46 IST" duration-ms="2115" status="PASS">
          <reporter-output>
          </reporter-output>
        </test-method> <!-- setUpClass -->
        <test-method signature="runScenario(io.cucumber.testng.PickleWrapper,io.cucumber.testng.FeatureWrapper)[pri:0, instance:Runner.TestApplication@795509d9]" started-at="2023-07-13T18:23:46 IST" name="runScenario" description="Runs Cucumber Scenarios" data-provider="scenarios" finished-at="2023-07-13T18:25:47 IST" duration-ms="121363" status="FAIL">
          <params>
            <param index="0">
              <value>
                <![CDATA["AIBBI190607 - Request for financing Sublimit level"]]>
              </value>
            </param>
            <param index="1">
              <value>
                <![CDATA["Optional[Sublimit]"]]>
              </value>
            </param>
          </params>
          <exception class="java.lang.AssertionError">
            <message>
              <![CDATA[no such element: Unable to locate element: {"method":"xpath","selector":"(//table[@id='gridtab_requestFinancingFacilityType_RFFRF00MT']/tbody/tr/td[text()='19'])[1]"}
  (Session info: chrome=114.0.5735.199)
For documentation on this error, please visit: https://selenium.dev/exceptions/#no_such_element
Build info: version: '4.8.1', revision: '8ebccac989'
System info: os.name: 'Windows 10', os.arch: 'amd64', os.version: '10.0', java.version: '17.0.7'
Driver info: org.openqa.selenium.chrome.ChromeDriver
Command: [14e2871cc1f0ce41677804892228a992, findElement {using=xpath, value=(//table[@id='gridtab_requestFinancingFacilityType_RFFRF00MT']/tbody/tr/td[text()='19'])[1]}]
Capabilities {acceptInsecureCerts: false, browserName: chrome, browserVersion: 114.0.5735.199, chrome: {chromedriverVersion: 114.0.5735.90 (386bc09e8f4f..., userDataDir: C:\Users\ININDC~1\AppData\L...}, goog:chromeOptions: {debuggerAddress: localhost:52312}, networkConnectionEnabled: false, pageLoadStrategy: normal, platformName: WINDOWS, proxy: Proxy(), se:cdp: ws://localhost:52312/devtoo..., se:cdpVersion: 114.0.5735.199, setWindowRect: true, strictFileInteractability: false, timeouts: {implicit: 0, pageLoad: 300000, script: 30000}, unhandledPromptBehavior: dismiss and notify, webauthn:extension:credBlob: true, webauthn:extension:largeBlob: true, webauthn:extension:minPinLength: true, webauthn:extension:prf: true, webauthn:virtualAuthenticators: true}
Session ID: 14e2871cc1f0ce41677804892228a992]]>
            </message>
            <full-stacktrace>
              <![CDATA[java.lang.AssertionError: no such element: Unable to locate element: {"method":"xpath","selector":"(//table[@id='gridtab_requestFinancingFacilityType_RFFRF00MT']/tbody/tr/td[text()='19'])[1]"}
  (Session info: chrome=114.0.5735.199)
For documentation on this error, please visit: https://selenium.dev/exceptions/#no_such_element
Build info: version: '4.8.1', revision: '8ebccac989'
System info: os.name: 'Windows 10', os.arch: 'amd64', os.version: '10.0', java.version: '17.0.7'
Driver info: org.openqa.selenium.chrome.ChromeDriver
Command: [14e2871cc1f0ce41677804892228a992, findElement {using=xpath, value=(//table[@id='gridtab_requestFinancingFacilityType_RFFRF00MT']/tbody/tr/td[text()='19'])[1]}]
Capabilities {acceptInsecureCerts: false, browserName: chrome, browserVersion: 114.0.5735.199, chrome: {chromedriverVersion: 114.0.5735.90 (386bc09e8f4f..., userDataDir: C:\Users\ININDC~1\AppData\L...}, goog:chromeOptions: {debuggerAddress: localhost:52312}, networkConnectionEnabled: false, pageLoadStrategy: normal, platformName: WINDOWS, proxy: Proxy(), se:cdp: ws://localhost:52312/devtoo..., se:cdpVersion: 114.0.5735.199, setWindowRect: true, strictFileInteractability: false, timeouts: {implicit: 0, pageLoad: 300000, script: 30000}, unhandledPromptBehavior: dismiss and notify, webauthn:extension:credBlob: true, webauthn:extension:largeBlob: true, webauthn:extension:minPinLength: true, webauthn:extension:prf: true, webauthn:virtualAuthenticators: true}
Session ID: 14e2871cc1f0ce41677804892228a992
at org.testng.Assert.fail(Assert.java:99)
at stepdefinitions.FMS_StepDefinition_609.User_609_Select_the_Facility_Type(FMS_StepDefinition_609.java:499)
at ✽.User_609 Select the Facility Type(file:///C:/Users/inindc00609/git/AZENTIO-FMS1/AzentioAutomationFramework_FMS_VIJAY3/src/test/java/features/SubLimit_609.feature:17)
]]>
            </full-stacktrace>
          </exception> <!-- java.lang.AssertionError -->
          <reporter-output>
          </reporter-output>
        </test-method> <!-- runScenario -->
        <test-method is-config="true" signature="tearDownClass()[pri:0, instance:Runner.TestApplication@795509d9]" started-at="2023-07-13T18:25:47 IST" name="tearDownClass" finished-at="2023-07-13T18:26:05 IST" duration-ms="17758" status="PASS">
          <reporter-output>
          </reporter-output>
        </test-method> <!-- tearDownClass -->
      </class> <!-- Runner.TestApplication -->
    </test> <!-- Default test -->
  </suite> <!-- Default suite -->
</testng-results>
