<?xml version="1.0" encoding="UTF-8"?>
<testng-results ignored="0" total="1" passed="0" failed="1" skipped="0">
  <reporter-output>
  </reporter-output>
  <suite started-at="2023-07-04T15:37:32 IST" name="Default suite" finished-at="2023-07-04T15:41:21 IST" duration-ms="229137">
    <groups>
      <group name="cucumber">
        <method signature="AbstractTestNGCucumberTests.runScenario(io.cucumber.testng.PickleWrapper,io.cucumber.testng.FeatureWrapper)[pri:0, instance:Runner.TestApplication@6cd24612]" name="runScenario" class="io.cucumber.testng.AbstractTestNGCucumberTests"/>
      </group> <!-- cucumber -->
    </groups>
    <test started-at="2023-07-04T15:37:32 IST" name="Default test" finished-at="2023-07-04T15:41:21 IST" duration-ms="229137">
      <class name="Runner.TestApplication">
        <test-method is-config="true" signature="setUpClass()[pri:0, instance:Runner.TestApplication@6cd24612]" started-at="2023-07-04T15:37:32 IST" name="setUpClass" finished-at="2023-07-04T15:37:35 IST" duration-ms="3043" status="PASS">
          <reporter-output>
          </reporter-output>
        </test-method> <!-- setUpClass -->
        <test-method signature="runScenario(io.cucumber.testng.PickleWrapper,io.cucumber.testng.FeatureWrapper)[pri:0, instance:Runner.TestApplication@6cd24612]" started-at="2023-07-04T15:37:35 IST" name="runScenario" description="Runs Cucumber Scenarios" data-provider="scenarios" finished-at="2023-07-04T15:40:37 IST" duration-ms="182351" status="FAIL">
          <params>
            <param index="0">
              <value>
                <![CDATA["ABSAI190041 - Check the Approval committtee Recommendation flow in Application for financial facilities screen"]]>
              </value>
            </param>
            <param index="1">
              <value>
                <![CDATA["Optional[Committee Approval]"]]>
              </value>
            </param>
          </params>
          <exception class="java.lang.NullPointerException">
            <message>
              <![CDATA[Cannot invoke "String.contains(java.lang.CharSequence)" because "toEscape" is null]]>
            </message>
            <full-stacktrace>
              <![CDATA[java.lang.NullPointerException: Cannot invoke "String.contains(java.lang.CharSequence)" because "toEscape" is null
at org.openqa.selenium.support.ui.Quotes.escape(Quotes.java:42)
at org.openqa.selenium.support.ui.Select.selectByVisibleText(Select.java:116)
at helper.DropDownHelper.SelectUsingVisibleText(DropDownHelper.java:49)
at stepdefinitions.FMS_StepDefinition_609.user_609_select_the_reason_for_submission_field(FMS_StepDefinition_609.java:386)
at ✽.User_609 Select the Reason For Submission field(file:///C:/Users/inindc00615/git/AZENTIO-FMS1/AzentioAutomationFramework_FMS_VIJAY3/src/test/java/features/CommitteeApproval_609.feature:45)
]]>
            </full-stacktrace>
          </exception> <!-- java.lang.NullPointerException -->
          <reporter-output>
          </reporter-output>
        </test-method> <!-- runScenario -->
        <test-method is-config="true" signature="tearDownClass()[pri:0, instance:Runner.TestApplication@6cd24612]" started-at="2023-07-04T15:40:37 IST" name="tearDownClass" finished-at="2023-07-04T15:41:21 IST" duration-ms="43601" status="PASS">
          <reporter-output>
          </reporter-output>
        </test-method> <!-- tearDownClass -->
      </class> <!-- Runner.TestApplication -->
    </test> <!-- Default test -->
  </suite> <!-- Default suite -->
</testng-results>
