<?xml version="1.0" encoding="UTF-8"?>
<testng-results ignored="0" total="1" passed="0" failed="1" skipped="0">
  <reporter-output>
  </reporter-output>
  <suite started-at="2023-08-10T12:07:35 IST" name="Default suite" finished-at="2023-08-10T12:10:45 IST" duration-ms="190188">
    <groups>
      <group name="cucumber">
        <method signature="AbstractTestNGCucumberTests.runScenario(io.cucumber.testng.PickleWrapper,io.cucumber.testng.FeatureWrapper)[pri:0, instance:Runner.TestApplication@795509d9]" name="runScenario" class="io.cucumber.testng.AbstractTestNGCucumberTests"/>
      </group> <!-- cucumber -->
    </groups>
    <test started-at="2023-08-10T12:07:35 IST" name="Default test" finished-at="2023-08-10T12:10:45 IST" duration-ms="190188">
      <class name="Runner.TestApplication">
        <test-method is-config="true" signature="setUpClass()[pri:0, instance:Runner.TestApplication@795509d9]" started-at="2023-08-10T12:07:35 IST" name="setUpClass" finished-at="2023-08-10T12:07:39 IST" duration-ms="3570" status="PASS">
          <reporter-output>
          </reporter-output>
        </test-method> <!-- setUpClass -->
        <test-method signature="runScenario(io.cucumber.testng.PickleWrapper,io.cucumber.testng.FeatureWrapper)[pri:0, instance:Runner.TestApplication@795509d9]" started-at="2023-08-10T12:07:39 IST" name="runScenario" description="Runs Cucumber Scenarios" data-provider="scenarios" finished-at="2023-08-10T12:10:11 IST" duration-ms="152523" status="FAIL">
          <params>
            <param index="0">
              <value>
                <![CDATA["Run the accrual and settlement process on the installment dates from EOD and settle the installment till 08/05/2012"]]>
              </value>
            </param>
            <param index="1">
              <value>
                <![CDATA["Optional[Accural Process]"]]>
              </value>
            </param>
          </params>
          <exception class="org.openqa.selenium.TimeoutException">
            <message>
              <![CDATA[Expected condition failed: waiting for visibility of [[ChromeDriver: chrome on WINDOWS (e5f23480e332f606f5c8ccc572ff3237)] -> xpath: //input[contains(@id,'ADDITIONAL_REFERENCE')]] (tried for 60 second(s) with 5 milliseconds interval)
Build info: version: '4.8.1', revision: '8ebccac989'
System info: os.name: 'Windows 10', os.arch: 'amd64', os.version: '10.0', java.version: '17.0.7'
Driver info: driver.version: unknown]]>
            </message>
            <full-stacktrace>
              <![CDATA[org.openqa.selenium.TimeoutException: Expected condition failed: waiting for visibility of [[ChromeDriver: chrome on WINDOWS (e5f23480e332f606f5c8ccc572ff3237)] -> xpath: //input[contains(@id,'ADDITIONAL_REFERENCE')]] (tried for 60 second(s) with 5 milliseconds interval)
Build info: version: '4.8.1', revision: '8ebccac989'
System info: os.name: 'Windows 10', os.arch: 'amd64', os.version: '10.0', java.version: '17.0.7'
Driver info: driver.version: unknown
at org.openqa.selenium.support.ui.FluentWait.timeoutException(FluentWait.java:263)
at org.openqa.selenium.support.ui.FluentWait.until(FluentWait.java:231)
at helper.WaitHelper.waitForElementwithFluentwait(WaitHelper.java:95)
at stepdefinitions.IIS_StepDefinition_609.user_search_the_additional_ref_number_in_approve_screen_searchgrid_under_batch_menu(IIS_StepDefinition_609.java:1641)
at ✽.User_608 search the Additional Ref number in Approve screen searchgrid under Batch menu(file:///C:/Users/inindc00609/git/AZENTIO-FMS1/AzentioAutomationFramework_FMS_VIJAY3/src/test/java/iis_features/AccuralProcess_609.feature:144)
]]>
            </full-stacktrace>
          </exception> <!-- org.openqa.selenium.TimeoutException -->
          <reporter-output>
          </reporter-output>
        </test-method> <!-- runScenario -->
        <test-method is-config="true" signature="tearDownClass()[pri:0, instance:Runner.TestApplication@795509d9]" started-at="2023-08-10T12:10:11 IST" name="tearDownClass" finished-at="2023-08-10T12:10:45 IST" duration-ms="33980" status="PASS">
          <reporter-output>
          </reporter-output>
        </test-method> <!-- tearDownClass -->
      </class> <!-- Runner.TestApplication -->
    </test> <!-- Default test -->
  </suite> <!-- Default suite -->
</testng-results>
