<?xml version="1.0" encoding="UTF-8"?>
<!-- Generated by org.testng.reporters.JUnitReportReporter -->
<testsuite hostname="PSK9T3U-DESKTOP" failures="1" tests="1" name="Runner.TestApplication" time="97.323" errors="0" timestamp="2023-09-21T18:44:26 IST" skipped="0">
  <testcase classname="Runner.TestApplication" name="runScenario" time="97.323">
    <failure message="expected [true] but found [false]" type="java.lang.AssertionError">
      <![CDATA[java.lang.AssertionError: expected [true] but found [false]
at org.testng.Assert.fail(Assert.java:99)
at org.testng.Assert.failNotEquals(Assert.java:1037)
at org.testng.Assert.assertTrue(Assert.java:45)
at org.testng.Assert.assertTrue(Assert.java:55)
at stepdefinitions.Penalty_482.user_482_verify_settlement_charge_details_tab_disabled(Penalty_482.java:125)
at ✽.User_482 Verify Settlement charge Details Tab disabled(file:///C:/Users/ININDC00482/git/FMS_Ajith/AzentioAutomationFramework_FMS_Ajith/src/test/java/features_IIS/Settlement.feature:90)
]]>
    </failure>
  </testcase> <!-- runScenario -->
  <system-out/>
</testsuite> <!-- Runner.TestApplication -->
