<?xml version="1.0" encoding="UTF-8"?>
<!-- Generated by org.testng.reporters.JUnitReportReporter -->
<testsuite hostname="PSK9T3U-DESKTOP" failures="0" tests="1" name="Runner.TestApplication" time="136.887" errors="1" timestamp="2023-08-04T17:25:00 IST" skipped="0">
  <testcase classname="Runner.TestApplication" name="runScenario" time="136.887">
    <error message="For input string: &quot;&quot;" type="java.lang.NumberFormatException">
      <![CDATA[java.lang.NumberFormatException: For input string: ""
at java.base/java.lang.NumberFormatException.forInputString(NumberFormatException.java:67)
at java.base/java.lang.Integer.parseInt(Integer.java:670)
at java.base/java.lang.Integer.parseInt(Integer.java:778)
at stepdefinitions.ApplicationForFacility_482.user_482_click_create_schedule_button_under_wifak_application(ApplicationForFacility_482.java:2664)
at ✽.User_482 Click Create schedule Button Under WIFAK Application(file:///C:/Users/ININDC00482/git/FMS_Ajith/AzentioAutomationFramework_FMS_Ajith/src/test/java/features/ApplicationForFinancialFacility_482.feature:155)
]]>
    </error>
  </testcase> <!-- runScenario -->
  <system-out/>
</testsuite> <!-- Runner.TestApplication -->
