<?xml version="1.0" encoding="UTF-8"?>
<!-- Generated by org.testng.reporters.JUnitReportReporter -->
<testsuite hostname="DESKTOP-PSK9T3V" failures="0" tests="1" name="Runner.TestApplication" time="87.790" errors="1" timestamp="2023-07-04T09:58:55 IST" skipped="0">
  <testcase classname="Runner.TestApplication" name="runScenario" time="87.790">
    <error message="Cannot invoke &quot;java.util.Map.get(Object)&quot; because &quot;this.testData&quot; is null" type="java.lang.NullPointerException">
      <![CDATA[java.lang.NullPointerException: Cannot invoke "java.util.Map.get(Object)" because "this.testData" is null
at stepdefinitions.FMS_WifakApplication_Steps.click_and_select_application_for(FMS_WifakApplication_Steps.java:205)
at ✽.User_610 Click and Select Application for(file:///C:/Users/inindc00610/git/AZENTIO-FMS-Jay7/AzentioAutomationFramework_FMS_Jay2/src/test/java/features/ApplicationForFinancialFacility.feature:206)
]]>
    </error>
  </testcase> <!-- runScenario -->
  <system-out/>
</testsuite> <!-- Runner.TestApplication -->
