<?xml version="1.0" encoding="UTF-8"?>
<!-- Generated by org.testng.reporters.JUnitReportReporter -->
<testsuite hostname="DESKTOP-PSK9T3V" failures="0" tests="1" name="Runner.TestApplication" time="109.633" errors="1" timestamp="2023-05-24T12:09:04 IST" skipped="0">
  <testcase classname="Runner.TestApplication" name="runScenario" time="109.633">
    <error message="element click intercepted: Element &lt;input type=&quot;text&quot; autocomplete=&quot;off&quot; id=&quot;lookuptxt_applicationFacilityRating_WIFT001MT&quot; beforedepevent=&quot;onChangeFacilityRatingPrevValue()&quot; afterdepevent=&quot;onChangeFacilityRatingMain()&quot; class=&quot;path-theme-cust-input liveSearchText liveSearchCompSize ui-state-focus liveSearchInputCorner&quot; name=&quot;applicationFacilityCO.fmsApplVO.FACILITY_RATING_GRADE&quot; value=&quot;&quot; required=&quot;true&quot; gridcolsortright=&quot;true&quot; maxlength=&quot;6&quot; mode=&quot;text&quot; zeronotallowed=&quot;true&quot; initialvalue=&quot;&quot; prevvalue=&quot;&quot;&gt; is not clickable at point (543, 588). Other element would receive the click: &lt;div class=&quot;jMsgbox-background&quot; style=&quot;position: fixed; width: 1920px; height: 924px; z-index: 999999; opacity: 0.6; top: 0px; left: 0px;&quot;&gt;&lt;/div&gt;
  (Session info: chrome=113.0.5672.93)
Build info: version: &#039;4.8.1&#039;, revision: &#039;8ebccac989&#039;
System info: os.name: &#039;Windows 10&#039;, os.arch: &#039;amd64&#039;, os.version: &#039;10.0&#039;, java.version: &#039;17.0.7&#039;
Driver info: org.openqa.selenium.chrome.ChromeDriver
Command: [a63388ccf51e1c1c54d8a6d3da43b693, clickElement {id=51731530BB8343246F8480A70013B16A_element_241}]
Capabilities {acceptInsecureCerts: false, browserName: chrome, browserVersion: 113.0.5672.93, chrome: {chromedriverVersion: 113.0.5672.63 (0e1a4471d5ae..., userDataDir: C:\Users\ININDC~1\AppData\L...}, goog:chromeOptions: {debuggerAddress: localhost:51149}, networkConnectionEnabled: false, pageLoadStrategy: normal, platformName: WINDOWS, proxy: Proxy(), se:cdp: ws://localhost:51149/devtoo..., se:cdpVersion: 113.0.5672.93, setWindowRect: true, strictFileInteractability: false, timeouts: {implicit: 0, pageLoad: 300000, script: 30000}, unhandledPromptBehavior: dismiss and notify, webauthn:extension:credBlob: true, webauthn:extension:largeBlob: true, webauthn:extension:minPinLength: true, webauthn:extension:prf: true, webauthn:virtualAuthenticators: true}
Element: [[ChromeDriver: chrome on WINDOWS (a63388ccf51e1c1c54d8a6d3da43b693)] -&gt; xpath: //input[@name=&#039;applicationFacilityCO.fmsApplVO.FACILITY_RATING_GRADE&#039;]]
Session ID: a63388ccf51e1c1c54d8a6d3da43b693" type="org.openqa.selenium.ElementClickInterceptedException">
      <![CDATA[org.openqa.selenium.ElementClickInterceptedException: element click intercepted: Element <input type="text" autocomplete="off" id="lookuptxt_applicationFacilityRating_WIFT001MT" beforedepevent="onChangeFacilityRatingPrevValue()" afterdepevent="onChangeFacilityRatingMain()" class="path-theme-cust-input liveSearchText liveSearchCompSize ui-state-focus liveSearchInputCorner" name="applicationFacilityCO.fmsApplVO.FACILITY_RATING_GRADE" value="" required="true" gridcolsortright="true" maxlength="6" mode="text" zeronotallowed="true" initialvalue="" prevvalue=""> is not clickable at point (543, 588). Other element would receive the click: <div class="jMsgbox-background" style="position: fixed; width: 1920px; height: 924px; z-index: 999999; opacity: 0.6; top: 0px; left: 0px;"></div>
  (Session info: chrome=113.0.5672.93)
Build info: version: '4.8.1', revision: '8ebccac989'
System info: os.name: 'Windows 10', os.arch: 'amd64', os.version: '10.0', java.version: '17.0.7'
Driver info: org.openqa.selenium.chrome.ChromeDriver
Command: [a63388ccf51e1c1c54d8a6d3da43b693, clickElement {id=51731530BB8343246F8480A70013B16A_element_241}]
Capabilities {acceptInsecureCerts: false, browserName: chrome, browserVersion: 113.0.5672.93, chrome: {chromedriverVersion: 113.0.5672.63 (0e1a4471d5ae..., userDataDir: C:\Users\ININDC~1\AppData\L...}, goog:chromeOptions: {debuggerAddress: localhost:51149}, networkConnectionEnabled: false, pageLoadStrategy: normal, platformName: WINDOWS, proxy: Proxy(), se:cdp: ws://localhost:51149/devtoo..., se:cdpVersion: 113.0.5672.93, setWindowRect: true, strictFileInteractability: false, timeouts: {implicit: 0, pageLoad: 300000, script: 30000}, unhandledPromptBehavior: dismiss and notify, webauthn:extension:credBlob: true, webauthn:extension:largeBlob: true, webauthn:extension:minPinLength: true, webauthn:extension:prf: true, webauthn:virtualAuthenticators: true}
Element: [[ChromeDriver: chrome on WINDOWS (a63388ccf51e1c1c54d8a6d3da43b693)] -> xpath: //input[@name='applicationFacilityCO.fmsApplVO.FACILITY_RATING_GRADE']]
Session ID: a63388ccf51e1c1c54d8a6d3da43b693
at java.base/jdk.internal.reflect.NativeConstructorAccessorImpl.newInstance0(Native Method)
at java.base/jdk.internal.reflect.NativeConstructorAccessorImpl.newInstance(NativeConstructorAccessorImpl.java:77)
at java.base/jdk.internal.reflect.DelegatingConstructorAccessorImpl.newInstance(DelegatingConstructorAccessorImpl.java:45)
at java.base/java.lang.reflect.Constructor.newInstanceWithCaller(Constructor.java:499)
at java.base/java.lang.reflect.Constructor.newInstance(Constructor.java:480)
at org.openqa.selenium.remote.codec.w3c.W3CHttpResponseCodec.createException(W3CHttpResponseCodec.java:200)
at org.openqa.selenium.remote.codec.w3c.W3CHttpResponseCodec.decode(W3CHttpResponseCodec.java:133)
at org.openqa.selenium.remote.codec.w3c.W3CHttpResponseCodec.decode(W3CHttpResponseCodec.java:53)
at org.openqa.selenium.remote.HttpCommandExecutor.execute(HttpCommandExecutor.java:184)
at org.openqa.selenium.remote.service.DriverCommandExecutor.invokeExecute(DriverCommandExecutor.java:167)
at org.openqa.selenium.remote.service.DriverCommandExecutor.execute(DriverCommandExecutor.java:142)
at org.openqa.selenium.remote.RemoteWebDriver.execute(RemoteWebDriver.java:543)
at org.openqa.selenium.remote.RemoteWebElement.execute(RemoteWebElement.java:257)
at org.openqa.selenium.remote.RemoteWebElement.click(RemoteWebElement.java:78)
at java.base/jdk.internal.reflect.NativeMethodAccessorImpl.invoke0(Native Method)
at java.base/jdk.internal.reflect.NativeMethodAccessorImpl.invoke(NativeMethodAccessorImpl.java:77)
at java.base/jdk.internal.reflect.DelegatingMethodAccessorImpl.invoke(DelegatingMethodAccessorImpl.java:43)
at java.base/java.lang.reflect.Method.invoke(Method.java:568)
at org.openqa.selenium.support.pagefactory.internal.LocatingElementHandler.invoke(LocatingElementHandler.java:52)
at jdk.proxy2/jdk.proxy2.$Proxy45.click(Unknown Source)
at helper.ClicksAndActionsHelper.clickOnElement(ClicksAndActionsHelper.java:22)
at stepdefinitions.FMS_Wifak_Error_While_Saving_Steps.enter_line_code_on_facility_rating(FMS_Wifak_Error_While_Saving_Steps.java:112)
at ✽.Enter line Code On Facility Rating(file:///C:/Users/inindc00610/eclipse-workspace/AzentioAutomationFramework_FMS_Jay/src/test/java/features/Wifak_Application.feature:75)
]]>
    </error>
  </testcase> <!-- runScenario -->
  <system-out/>
</testsuite> <!-- Runner.TestApplication -->
