<?xml version="1.0" encoding="UTF-8"?>
<!-- Generated by org.testng.reporters.JUnitXMLReporter -->
<testsuite ignored="0" hostname="DESKTOP-U4BDLB7" failures="1" tests="1" name="Default test" time="188.415" errors="0" timestamp="2023-06-03T15:50:35 IST">
  <testcase classname="io.cucumber.testng.AbstractTestNGCucumberTests" name="runScenario" time="173.35">
    <failure type="org.openqa.selenium.ElementClickInterceptedException" message="element click intercepted: Element &amp;lt;label id=&amp;quot;requestFinancingFormId_CSMRF00MT_save_key&amp;quot; style=&amp;quot;font-weight:bold!important;font-size:100%!important&amp;quot; labelkey=&amp;quot;save_key&amp;quot; class=&amp;quot;path_btn_lbl_theme&amp;quot;&amp;gt;...&amp;lt;/label&amp;gt; is not clickable at point (276, 515). Other element would receive the click: &amp;lt;div class=&amp;quot;jMsgbox-background&amp;quot; style=&amp;quot;position: fixed; width: 1366px; height: 555px; z-index: 999999; opacity: 0.6; top: 0px; left: 0px;&amp;quot;&amp;gt;&amp;lt;/div&amp;gt;
  (Session info: chrome=113.0.5672.129)
Build info: version: &amp;apos;4.8.1&amp;apos;, revision: &amp;apos;8ebccac989&amp;apos;
System info: os.name: &amp;apos;Windows 10&amp;apos;, os.arch: &amp;apos;amd64&amp;apos;, os.version: &amp;apos;10.0&amp;apos;, java.version: &amp;apos;17.0.2&amp;apos;
Driver info: org.openqa.selenium.chrome.ChromeDriver
Command: [0f29da485e3117f4cb7f066c89607958, clickElement {id=38A78C56330CEC8E48A6FD23EB6CEE44_element_404}]
Capabilities {acceptInsecureCerts: false, browserName: chrome, browserVersion: 113.0.5672.129, chrome: {chromedriverVersion: 113.0.5672.63 (0e1a4471d5ae..., userDataDir: C:\Users\priya\AppData\Loca...}, goog:chromeOptions: {debuggerAddress: localhost:57029}, networkConnectionEnabled: false, pageLoadStrategy: normal, platformName: WINDOWS, proxy: Proxy(), se:cdp: ws://localhost:57029/devtoo..., se:cdpVersion: 113.0.5672.129, setWindowRect: true, strictFileInteractability: false, timeouts: {implicit: 0, pageLoad: 300000, script: 30000}, unhandledPromptBehavior: dismiss and notify, webauthn:extension:credBlob: true, webauthn:extension:largeBlob: true, webauthn:extension:minPinLength: true, webauthn:extension:prf: true, webauthn:virtualAuthenticators: true}
Element: [[ChromeDriver: chrome on WINDOWS (0f29da485e3117f4cb7f066c89607958)] -&amp;gt; xpath: //label[@id=&amp;apos;requestFinancingFormId_CSMRF00MT_save_key&amp;apos;]]
Session ID: 0f29da485e3117f4cb7f066c89607958">
      <![CDATA[org.openqa.selenium.ElementClickInterceptedException: element click intercepted: Element <label id="requestFinancingFormId_CSMRF00MT_save_key" style="font-weight:bold!important;font-size:100%!important" labelkey="save_key" class="path_btn_lbl_theme">...</label> is not clickable at point (276, 515). Other element would receive the click: <div class="jMsgbox-background" style="position: fixed; width: 1366px; height: 555px; z-index: 999999; opacity: 0.6; top: 0px; left: 0px;"></div>
  (Session info: chrome=113.0.5672.129)
Build info: version: '4.8.1', revision: '8ebccac989'
System info: os.name: 'Windows 10', os.arch: 'amd64', os.version: '10.0', java.version: '17.0.2'
Driver info: org.openqa.selenium.chrome.ChromeDriver
Command: [0f29da485e3117f4cb7f066c89607958, clickElement {id=38A78C56330CEC8E48A6FD23EB6CEE44_element_404}]
Capabilities {acceptInsecureCerts: false, browserName: chrome, browserVersion: 113.0.5672.129, chrome: {chromedriverVersion: 113.0.5672.63 (0e1a4471d5ae..., userDataDir: C:\Users\priya\AppData\Loca...}, goog:chromeOptions: {debuggerAddress: localhost:57029}, networkConnectionEnabled: false, pageLoadStrategy: normal, platformName: WINDOWS, proxy: Proxy(), se:cdp: ws://localhost:57029/devtoo..., se:cdpVersion: 113.0.5672.129, setWindowRect: true, strictFileInteractability: false, timeouts: {implicit: 0, pageLoad: 300000, script: 30000}, unhandledPromptBehavior: dismiss and notify, webauthn:extension:credBlob: true, webauthn:extension:largeBlob: true, webauthn:extension:minPinLength: true, webauthn:extension:prf: true, webauthn:virtualAuthenticators: true}
Element: [[ChromeDriver: chrome on WINDOWS (0f29da485e3117f4cb7f066c89607958)] -> xpath: //label[@id='requestFinancingFormId_CSMRF00MT_save_key']]
Session ID: 0f29da485e3117f4cb7f066c89607958
at java.base/jdk.internal.reflect.NativeConstructorAccessorImpl.newInstance0(Native Method)
at java.base/jdk.internal.reflect.NativeConstructorAccessorImpl.newInstance(NativeConstructorAccessorImpl.java:77)
at java.base/jdk.internal.reflect.DelegatingConstructorAccessorImpl.newInstance(DelegatingConstructorAccessorImpl.java:45)
at java.base/java.lang.reflect.Constructor.newInstanceWithCaller(Constructor.java:499)
at java.base/java.lang.reflect.Constructor.newInstance(Constructor.java:480)
at org.openqa.selenium.remote.codec.w3c.W3CHttpResponseCodec.createException(W3CHttpResponseCodec.java:200)
at org.openqa.selenium.remote.codec.w3c.W3CHttpResponseCodec.decode(W3CHttpResponseCodec.java:133)
at org.openqa.selenium.remote.codec.w3c.W3CHttpResponseCodec.decode(W3CHttpResponseCodec.java:53)
at org.openqa.selenium.remote.HttpCommandExecutor.execute(HttpCommandExecutor.java:184)
at org.openqa.selenium.remote.service.DriverCommandExecutor.invokeExecute(DriverCommandExecutor.java:167)
at org.openqa.selenium.remote.service.DriverCommandExecutor.execute(DriverCommandExecutor.java:142)
at org.openqa.selenium.remote.RemoteWebDriver.execute(RemoteWebDriver.java:543)
at org.openqa.selenium.remote.RemoteWebElement.execute(RemoteWebElement.java:257)
at org.openqa.selenium.remote.RemoteWebElement.click(RemoteWebElement.java:78)
at jdk.internal.reflect.GeneratedMethodAccessor4.invoke(Unknown Source)
at java.base/jdk.internal.reflect.DelegatingMethodAccessorImpl.invoke(DelegatingMethodAccessorImpl.java:43)
at java.base/java.lang.reflect.Method.invoke(Method.java:568)
at org.openqa.selenium.support.pagefactory.internal.LocatingElementHandler.invoke(LocatingElementHandler.java:52)
at jdk.proxy2/jdk.proxy2.$Proxy45.click(Unknown Source)
at stepdefinitions.Request_for_financing_steps.save_all_the_values_when_limits_are_add(Request_for_financing_steps.java:721)
at ✽.Save all the values when limits are add(file:///C:/Users/priya/git/AZENTIO-FMS_3/Azentio_FMS_Gowtham/src/test/java/features/Request_for_Financing.feature:104)
]]>
    </failure>
  </testcase> <!-- runScenario -->
</testsuite> <!-- Default test -->
