<?xml version="1.0" encoding="UTF-8"?>
<!-- Generated by org.testng.reporters.JUnitXMLReporter -->
<testsuite ignored="0" hostname="DESKTOP-U4BDLB7" failures="1" tests="1" name="Default test" time="218.381" errors="0" timestamp="2023-06-11T17:07:43 IST">
  <testcase classname="io.cucumber.testng.AbstractTestNGCucumberTests" name="runScenario" time="196.539">
    <failure type="org.openqa.selenium.TimeoutException" message="Expected condition failed: waiting for visibility of [[ChromeDriver: chrome on WINDOWS (15436eb817653ef1eb8b18f45e3a8e80)] -&amp;gt; xpath: //input[@id=&amp;apos;lookuptxt_drawDownRequestProduct_Class_WIFT009MT&amp;apos;]] (tried for 60 second(s) with 5 milliseconds interval)
Build info: version: &amp;apos;4.8.1&amp;apos;, revision: &amp;apos;8ebccac989&amp;apos;
System info: os.name: &amp;apos;Windows 10&amp;apos;, os.arch: &amp;apos;amd64&amp;apos;, os.version: &amp;apos;10.0&amp;apos;, java.version: &amp;apos;17.0.2&amp;apos;
Driver info: driver.version: unknown">
      <![CDATA[org.openqa.selenium.TimeoutException: Expected condition failed: waiting for visibility of [[ChromeDriver: chrome on WINDOWS (15436eb817653ef1eb8b18f45e3a8e80)] -> xpath: //input[@id='lookuptxt_drawDownRequestProduct_Class_WIFT009MT']] (tried for 60 second(s) with 5 milliseconds interval)
Build info: version: '4.8.1', revision: '8ebccac989'
System info: os.name: 'Windows 10', os.arch: 'amd64', os.version: '10.0', java.version: '17.0.2'
Driver info: driver.version: unknown
at org.openqa.selenium.support.ui.FluentWait.timeoutException(FluentWait.java:263)
at org.openqa.selenium.support.ui.FluentWait.until(FluentWait.java:231)
at helper.WaitHelper.waitForElementwithFluentwait(WaitHelper.java:95)
at stepdefinitions.Request_for_financing_steps.enter_value_product_class_ln(Request_for_financing_steps.java:1762)
at ✽.Enter value Product ClassLN(file:///C:/Users/priya/git/AZENTIO-FMS_1/Azentio_FMS_Gowtham/src/test/java/features/Request_for_Financing.feature:350)
]]>
    </failure>
  </testcase> <!-- runScenario -->
</testsuite> <!-- Default test -->
