<?xml version="1.0" encoding="UTF-8"?>
<!-- Generated by org.testng.reporters.JUnitReportReporter -->
<testsuite hostname="DESKTOP-PSK9T3B" failures="1" tests="1" name="Runner.TestApplication" time="121.363" errors="0" timestamp="2023-07-13T18:26:06 IST" skipped="0">
  <testcase classname="Runner.TestApplication" name="runScenario" time="121.363">
    <failure message="no such element: Unable to locate element: {&quot;method&quot;:&quot;xpath&quot;,&quot;selector&quot;:&quot;(//table[@id=&#039;gridtab_requestFinancingFacilityType_RFFRF00MT&#039;]/tbody/tr/td[text()=&#039;19&#039;])[1]&quot;}
  (Session info: chrome=114.0.5735.199)
For documentation on this error, please visit: https://selenium.dev/exceptions/#no_such_element
Build info: version: &#039;4.8.1&#039;, revision: &#039;8ebccac989&#039;
System info: os.name: &#039;Windows 10&#039;, os.arch: &#039;amd64&#039;, os.version: &#039;10.0&#039;, java.version: &#039;17.0.7&#039;
Driver info: org.openqa.selenium.chrome.ChromeDriver
Command: [14e2871cc1f0ce41677804892228a992, findElement {using=xpath, value=(//table[@id=&#039;gridtab_requestFinancingFacilityType_RFFRF00MT&#039;]/tbody/tr/td[text()=&#039;19&#039;])[1]}]
Capabilities {acceptInsecureCerts: false, browserName: chrome, browserVersion: 114.0.5735.199, chrome: {chromedriverVersion: 114.0.5735.90 (386bc09e8f4f..., userDataDir: C:\Users\ININDC~1\AppData\L...}, goog:chromeOptions: {debuggerAddress: localhost:52312}, networkConnectionEnabled: false, pageLoadStrategy: normal, platformName: WINDOWS, proxy: Proxy(), se:cdp: ws://localhost:52312/devtoo..., se:cdpVersion: 114.0.5735.199, setWindowRect: true, strictFileInteractability: false, timeouts: {implicit: 0, pageLoad: 300000, script: 30000}, unhandledPromptBehavior: dismiss and notify, webauthn:extension:credBlob: true, webauthn:extension:largeBlob: true, webauthn:extension:minPinLength: true, webauthn:extension:prf: true, webauthn:virtualAuthenticators: true}
Session ID: 14e2871cc1f0ce41677804892228a992" type="java.lang.AssertionError">
      <![CDATA[java.lang.AssertionError: no such element: Unable to locate element: {"method":"xpath","selector":"(//table[@id='gridtab_requestFinancingFacilityType_RFFRF00MT']/tbody/tr/td[text()='19'])[1]"}
  (Session info: chrome=114.0.5735.199)
For documentation on this error, please visit: https://selenium.dev/exceptions/#no_such_element
Build info: version: '4.8.1', revision: '8ebccac989'
System info: os.name: 'Windows 10', os.arch: 'amd64', os.version: '10.0', java.version: '17.0.7'
Driver info: org.openqa.selenium.chrome.ChromeDriver
Command: [14e2871cc1f0ce41677804892228a992, findElement {using=xpath, value=(//table[@id='gridtab_requestFinancingFacilityType_RFFRF00MT']/tbody/tr/td[text()='19'])[1]}]
Capabilities {acceptInsecureCerts: false, browserName: chrome, browserVersion: 114.0.5735.199, chrome: {chromedriverVersion: 114.0.5735.90 (386bc09e8f4f..., userDataDir: C:\Users\ININDC~1\AppData\L...}, goog:chromeOptions: {debuggerAddress: localhost:52312}, networkConnectionEnabled: false, pageLoadStrategy: normal, platformName: WINDOWS, proxy: Proxy(), se:cdp: ws://localhost:52312/devtoo..., se:cdpVersion: 114.0.5735.199, setWindowRect: true, strictFileInteractability: false, timeouts: {implicit: 0, pageLoad: 300000, script: 30000}, unhandledPromptBehavior: dismiss and notify, webauthn:extension:credBlob: true, webauthn:extension:largeBlob: true, webauthn:extension:minPinLength: true, webauthn:extension:prf: true, webauthn:virtualAuthenticators: true}
Session ID: 14e2871cc1f0ce41677804892228a992
at org.testng.Assert.fail(Assert.java:99)
at stepdefinitions.FMS_StepDefinition_609.User_609_Select_the_Facility_Type(FMS_StepDefinition_609.java:499)
at ✽.User_609 Select the Facility Type(file:///C:/Users/inindc00609/git/AZENTIO-FMS1/AzentioAutomationFramework_FMS_VIJAY3/src/test/java/features/SubLimit_609.feature:17)
]]>
    </failure>
  </testcase> <!-- runScenario -->
  <system-out/>
</testsuite> <!-- Runner.TestApplication -->
