<?xml version="1.0" encoding="UTF-8"?>
<!-- Generated by org.testng.reporters.JUnitXMLReporter -->
<testsuite ignored="0" hostname="DESKTOP-PSK9T3V" failures="1" tests="1" name="Default test" time="129.379" errors="0" timestamp="2023-08-03T15:28:55 IST">
  <testcase classname="io.cucumber.testng.AbstractTestNGCucumberTests" name="runScenario" time="118.023">
    <failure type="java.lang.AssertionError" message="no such element: Unable to locate element: {&amp;quot;method&amp;quot;:&amp;quot;xpath&amp;quot;,&amp;quot;selector&amp;quot;:&amp;quot;//table[@id=&amp;apos;gridtab_matr_ac_sl_T022MT&amp;apos;]/tbody/tr/td[text()=&amp;apos;411001&amp;apos;]&amp;quot;}
  (Session info: chrome=115.0.5790.170)
For documentation on this error, please visit: https://selenium.dev/exceptions/#no_such_element
Build info: version: &amp;apos;4.8.1&amp;apos;, revision: &amp;apos;8ebccac989&amp;apos;
System info: os.name: &amp;apos;Windows 10&amp;apos;, os.arch: &amp;apos;amd64&amp;apos;, os.version: &amp;apos;10.0&amp;apos;, java.version: &amp;apos;17.0.7&amp;apos;
Driver info: org.openqa.selenium.chrome.ChromeDriver
Command: [96f55bbba1310ac7ce3b1493e291f33d, findElement {using=xpath, value=//table[@id=&amp;apos;gridtab_matr_ac_sl_T022MT&amp;apos;]/tbody/tr/td[text()=&amp;apos;411001&amp;apos;]}]
Capabilities {acceptInsecureCerts: false, browserName: chrome, browserVersion: 115.0.5790.170, chrome: {chromedriverVersion: 114.0.5735.90 (386bc09e8f4f..., userDataDir: C:\Users\ININDC~1\AppData\L...}, goog:chromeOptions: {debuggerAddress: localhost:52368}, networkConnectionEnabled: false, pageLoadStrategy: normal, platformName: WINDOWS, proxy: Proxy(), se:cdp: ws://localhost:52368/devtoo..., se:cdpVersion: 115.0.5790.170, setWindowRect: true, strictFileInteractability: false, timeouts: {implicit: 0, pageLoad: 300000, script: 30000}, unhandledPromptBehavior: dismiss and notify, webauthn:extension:credBlob: true, webauthn:extension:largeBlob: true, webauthn:extension:minPinLength: true, webauthn:extension:prf: true, webauthn:virtualAuthenticators: true}
Session ID: 96f55bbba1310ac7ce3b1493e291f33d">
      <![CDATA[java.lang.AssertionError: no such element: Unable to locate element: {"method":"xpath","selector":"//table[@id='gridtab_matr_ac_sl_T022MT']/tbody/tr/td[text()='411001']"}
  (Session info: chrome=115.0.5790.170)
For documentation on this error, please visit: https://selenium.dev/exceptions/#no_such_element
Build info: version: '4.8.1', revision: '8ebccac989'
System info: os.name: 'Windows 10', os.arch: 'amd64', os.version: '10.0', java.version: '17.0.7'
Driver info: org.openqa.selenium.chrome.ChromeDriver
Command: [96f55bbba1310ac7ce3b1493e291f33d, findElement {using=xpath, value=//table[@id='gridtab_matr_ac_sl_T022MT']/tbody/tr/td[text()='411001']}]
Capabilities {acceptInsecureCerts: false, browserName: chrome, browserVersion: 115.0.5790.170, chrome: {chromedriverVersion: 114.0.5735.90 (386bc09e8f4f..., userDataDir: C:\Users\ININDC~1\AppData\L...}, goog:chromeOptions: {debuggerAddress: localhost:52368}, networkConnectionEnabled: false, pageLoadStrategy: normal, platformName: WINDOWS, proxy: Proxy(), se:cdp: ws://localhost:52368/devtoo..., se:cdpVersion: 115.0.5790.170, setWindowRect: true, strictFileInteractability: false, timeouts: {implicit: 0, pageLoad: 300000, script: 30000}, unhandledPromptBehavior: dismiss and notify, webauthn:extension:credBlob: true, webauthn:extension:largeBlob: true, webauthn:extension:minPinLength: true, webauthn:extension:prf: true, webauthn:virtualAuthenticators: true}
Session ID: 96f55bbba1310ac7ce3b1493e291f33d
at org.testng.Assert.fail(Assert.java:99)
at stepdefinitions.IIS_AccrualDeal_Steps_610.user_610_select_the_maturity_account_in_contributor_tab_under_maintenance_in_investment_deals_combined_without_trade_deal(IIS_AccrualDeal_Steps_610.java:289)
at ✽.User_610 select the maturity account in Contributor tab under maintenance in Investment Deals Combined without Trade Deal(file:///C:/Users/inindc00610/git/AZENTIO-FMS-Jay7/AzentioAutomationFramework_FMS_Jay2/src/test/java/feature_IIS/AccrualDeal_610.feature:21)
]]>
    </failure>
  </testcase> <!-- runScenario -->
</testsuite> <!-- Default test -->
