<?xml version="1.0" encoding="UTF-8"?>
<!-- Generated by org.testng.reporters.JUnitXMLReporter -->
<testsuite ignored="0" hostname="DESKTOP-PSK9T3V" failures="1" tests="1" name="Default test" time="334.805" errors="0" timestamp="2023-06-12T16:10:59 IST">
  <testcase classname="io.cucumber.testng.AbstractTestNGCucumberTests" name="runScenario" time="284.802">
    <failure type="org.openqa.selenium.TimeoutException" message="Expected condition failed: waiting for visibility of [[ChromeDriver: chrome on WINDOWS (934caa2a799a4bb8f6474341409a49ba)] -&amp;gt; xpath: //input[@name=&amp;apos;applicationFacilityCO.fmsApplVO.DOWN_PAYMENT_PERC&amp;apos;]] (tried for 120 second(s) with 5 milliseconds interval)
Build info: version: &amp;apos;4.8.1&amp;apos;, revision: &amp;apos;8ebccac989&amp;apos;
System info: os.name: &amp;apos;Windows 10&amp;apos;, os.arch: &amp;apos;amd64&amp;apos;, os.version: &amp;apos;10.0&amp;apos;, java.version: &amp;apos;17.0.7&amp;apos;
Driver info: driver.version: unknown">
      <![CDATA[org.openqa.selenium.TimeoutException: Expected condition failed: waiting for visibility of [[ChromeDriver: chrome on WINDOWS (934caa2a799a4bb8f6474341409a49ba)] -> xpath: //input[@name='applicationFacilityCO.fmsApplVO.DOWN_PAYMENT_PERC']] (tried for 120 second(s) with 5 milliseconds interval)
Build info: version: '4.8.1', revision: '8ebccac989'
System info: os.name: 'Windows 10', os.arch: 'amd64', os.version: '10.0', java.version: '17.0.7'
Driver info: driver.version: unknown
at org.openqa.selenium.support.ui.FluentWait.timeoutException(FluentWait.java:263)
at org.openqa.selenium.support.ui.FluentWait.until(FluentWait.java:231)
at helper.WaitHelper.waitForElementwithFluentwait(WaitHelper.java:95)
at stepdefinitions.FMS_Wifak_Error_While_Saving_Steps.check_the_level_of_down_payment_amountin_limit_details_submenu(FMS_Wifak_Error_While_Saving_Steps.java:1128)
at ✽.Check The Level Of Down Payment AmountIn LImit Details SubMenu(file:///C:/Users/inindc00610/git/repository/FMS_Jay/AzentioAutomationFramework_FMS_Jay2/src/test/java/features/Wifak_Application.feature:206)
]]>
    </failure>
  </testcase> <!-- runScenario -->
</testsuite> <!-- Default test -->
