<?xml version="1.0" encoding="UTF-8"?>
<testng-results ignored="0" total="1" passed="0" failed="1" skipped="0">
  <reporter-output>
  </reporter-output>
  <suite started-at="2023-09-21T18:42:22 IST" name="Default suite" finished-at="2023-09-21T18:44:26 IST" duration-ms="123706">
    <groups>
      <group name="cucumber">
        <method signature="AbstractTestNGCucumberTests.runScenario(io.cucumber.testng.PickleWrapper,io.cucumber.testng.FeatureWrapper)[pri:0, instance:Runner.TestApplication@606e4010]" name="runScenario" class="io.cucumber.testng.AbstractTestNGCucumberTests"/>
      </group> <!-- cucumber -->
    </groups>
    <test started-at="2023-09-21T18:42:22 IST" name="Default test" finished-at="2023-09-21T18:44:26 IST" duration-ms="123706">
      <class name="Runner.TestApplication">
        <test-method is-config="true" signature="setUpClass()[pri:0, instance:Runner.TestApplication@606e4010]" started-at="2023-09-21T18:42:22 IST" name="setUpClass" finished-at="2023-09-21T18:42:23 IST" duration-ms="1163" status="PASS">
          <reporter-output>
          </reporter-output>
        </test-method> <!-- setUpClass -->
        <test-method signature="runScenario(io.cucumber.testng.PickleWrapper,io.cucumber.testng.FeatureWrapper)[pri:0, instance:Runner.TestApplication@606e4010]" started-at="2023-09-21T18:42:23 IST" name="runScenario" description="Runs Cucumber Scenarios" data-provider="scenarios" finished-at="2023-09-21T18:44:01 IST" duration-ms="97323" status="FAIL">
          <params>
            <param index="0">
              <value>
                <![CDATA["Check and verify the new flag" Allow to settle penalty" added in settlement screen"]]>
              </value>
            </param>
            <param index="1">
              <value>
                <![CDATA["Optional[Testing the functionality of Settlement feature]"]]>
              </value>
            </param>
          </params>
          <exception class="java.lang.AssertionError">
            <message>
              <![CDATA[expected [true] but found [false]]]>
            </message>
            <full-stacktrace>
              <![CDATA[java.lang.AssertionError: expected [true] but found [false]
at org.testng.Assert.fail(Assert.java:99)
at org.testng.Assert.failNotEquals(Assert.java:1037)
at org.testng.Assert.assertTrue(Assert.java:45)
at org.testng.Assert.assertTrue(Assert.java:55)
at stepdefinitions.Penalty_482.user_482_verify_settlement_charge_details_tab_disabled(Penalty_482.java:125)
at ✽.User_482 Verify Settlement charge Details Tab disabled(file:///C:/Users/ININDC00482/git/FMS_Ajith/AzentioAutomationFramework_FMS_Ajith/src/test/java/features_IIS/Settlement.feature:90)
]]>
            </full-stacktrace>
          </exception> <!-- java.lang.AssertionError -->
          <reporter-output>
          </reporter-output>
        </test-method> <!-- runScenario -->
        <test-method is-config="true" signature="tearDownClass()[pri:0, instance:Runner.TestApplication@606e4010]" started-at="2023-09-21T18:44:01 IST" name="tearDownClass" finished-at="2023-09-21T18:44:26 IST" duration-ms="25139" status="PASS">
          <reporter-output>
          </reporter-output>
        </test-method> <!-- tearDownClass -->
      </class> <!-- Runner.TestApplication -->
    </test> <!-- Default test -->
  </suite> <!-- Default suite -->
</testng-results>
