<?xml version="1.0" encoding="UTF-8"?>
<!-- Generated by org.testng.reporters.JUnitXMLReporter -->
<testsuite ignored="0" hostname="INMUVAVD000608" failures="1" tests="1" name="Default test" time="831.437" errors="0" timestamp="2023-08-18T17:25:46 IST">
  <testcase classname="io.cucumber.testng.AbstractTestNGCucumberTests" name="runScenario" time="810.48">
    <failure type="java.lang.AssertionError" message="element click intercepted: Element &amp;lt;button type=&amp;quot;button&amp;quot; tosubmit=&amp;quot;true&amp;quot; id=&amp;quot;savebutton_T036MT&amp;quot; value=&amp;quot;Submit&amp;quot; class=&amp;quot;ui-button ui-widget ui-state-default ui-corner-all ui-button-text-icon-primary&amp;quot; freezeonsubmit=&amp;quot;true&amp;quot; role=&amp;quot;button&amp;quot; aria-disabled=&amp;quot;false&amp;quot;&amp;gt;...&amp;lt;/button&amp;gt; is not clickable at point (268, 652). Other element would receive the click: &amp;lt;div class=&amp;quot;jMsgbox-background&amp;quot; style=&amp;quot;position: fixed; width: 1536px; height: 702px; z-index: 999999; opacity: 0.6; top: 0px; left: 0px;&amp;quot;&amp;gt;&amp;lt;/div&amp;gt;
  (Session info: chrome=116.0.5845.96)
Build info: version: &amp;apos;4.11.0&amp;apos;, revision: &amp;apos;040bc5406b&amp;apos;
System info: os.name: &amp;apos;Windows 10&amp;apos;, os.arch: &amp;apos;amd64&amp;apos;, os.version: &amp;apos;10.0&amp;apos;, java.version: &amp;apos;16.0.2&amp;apos;
Driver info: org.openqa.selenium.chrome.ChromeDriver
Command: [03d52800f3b2af0e9acc46adde584303, clickElement {id=C2B6EE2855922707422B603F39E6F748_element_685}]
Capabilities {acceptInsecureCerts: false, browserName: chrome, browserVersion: 116.0.5845.96, chrome: {chromedriverVersion: 116.0.5845.96 (1a3918166880..., userDataDir: C:\Users\ININDC~1\AppData\L...}, fedcm:accounts: true, goog:chromeOptions: {debuggerAddress: localhost:55147}, networkConnectionEnabled: false, pageLoadStrategy: normal, platformName: windows, proxy: Proxy(), se:cdp: ws://localhost:55147/devtoo..., se:cdpVersion: 116.0.5845.96, setWindowRect: true, strictFileInteractability: false, timeouts: {implicit: 0, pageLoad: 300000, script: 30000}, unhandledPromptBehavior: dismiss and notify, webauthn:extension:credBlob: true, webauthn:extension:largeBlob: true, webauthn:extension:minPinLength: true, webauthn:extension:prf: true, webauthn:virtualAuthenticators: true}
Element: [[ChromeDriver: chrome on windows (03d52800f3b2af0e9acc46adde584303)] -&amp;gt; xpath: //button[@id=&amp;apos;savebutton_T036MT&amp;apos;]]
Session ID: 03d52800f3b2af0e9acc46adde584303">
      <![CDATA[java.lang.AssertionError: element click intercepted: Element <button type="button" tosubmit="true" id="savebutton_T036MT" value="Submit" class="ui-button ui-widget ui-state-default ui-corner-all ui-button-text-icon-primary" freezeonsubmit="true" role="button" aria-disabled="false">...</button> is not clickable at point (268, 652). Other element would receive the click: <div class="jMsgbox-background" style="position: fixed; width: 1536px; height: 702px; z-index: 999999; opacity: 0.6; top: 0px; left: 0px;"></div>
  (Session info: chrome=116.0.5845.96)
Build info: version: '4.11.0', revision: '040bc5406b'
System info: os.name: 'Windows 10', os.arch: 'amd64', os.version: '10.0', java.version: '16.0.2'
Driver info: org.openqa.selenium.chrome.ChromeDriver
Command: [03d52800f3b2af0e9acc46adde584303, clickElement {id=C2B6EE2855922707422B603F39E6F748_element_685}]
Capabilities {acceptInsecureCerts: false, browserName: chrome, browserVersion: 116.0.5845.96, chrome: {chromedriverVersion: 116.0.5845.96 (1a3918166880..., userDataDir: C:\Users\ININDC~1\AppData\L...}, fedcm:accounts: true, goog:chromeOptions: {debuggerAddress: localhost:55147}, networkConnectionEnabled: false, pageLoadStrategy: normal, platformName: windows, proxy: Proxy(), se:cdp: ws://localhost:55147/devtoo..., se:cdpVersion: 116.0.5845.96, setWindowRect: true, strictFileInteractability: false, timeouts: {implicit: 0, pageLoad: 300000, script: 30000}, unhandledPromptBehavior: dismiss and notify, webauthn:extension:credBlob: true, webauthn:extension:largeBlob: true, webauthn:extension:minPinLength: true, webauthn:extension:prf: true, webauthn:virtualAuthenticators: true}
Element: [[ChromeDriver: chrome on windows (03d52800f3b2af0e9acc46adde584303)] -> xpath: //button[@id='savebutton_T036MT']]
Session ID: 03d52800f3b2af0e9acc46adde584303
at org.testng.Assert.fail(Assert.java:99)
at stepdefinitions.IIS_IncidentalChargesSteps_608.user_click_the_save_button_in_maintenance_screen_under_advance_principal_settlement(IIS_IncidentalChargesSteps_608.java:1840)
at ✽.User_608 click the Save button in maintenance screen under Advance principal settlement(file:///C:/Users/inindc00608/git/Sankar_FMS/FMS_SankarS2/src/test/java/features_IIS/AdvancePrincipalSettlement_608.feature:86)
]]>
    </failure>
  </testcase> <!-- runScenario -->
</testsuite> <!-- Default test -->
