<?xml version="1.0" encoding="UTF-8"?>
<!-- Generated by org.testng.reporters.JUnitReportReporter -->
<testsuite hostname="DESKTOP-PSK9T3U" failures="1" tests="1" name="Runner.TestApplication" time="197.008" errors="0" timestamp="2023-08-29T14:18:18 AST" skipped="0">
  <testcase classname="Runner.TestApplication" name="runScenario" time="197.008">
    <failure message="Cannot invoke &quot;String.contains(java.lang.CharSequence)&quot; because &quot;toEscape&quot; is null" type="java.lang.AssertionError">
      <![CDATA[java.lang.AssertionError: Cannot invoke "String.contains(java.lang.CharSequence)" because "toEscape" is null
at org.testng.Assert.fail(Assert.java:99)
at stepdefinitions.IIS_IncidentalCharges.user_select_the_grace_period_dropdown_as_Years_in_repayment_tab_in_maintenance_under_investment_deals_combined_without_trade_deal_tab(IIS_IncidentalCharges.java:492)
at ✽.user select the grace period dropdown as Years in repayment tab in maintenance under investment deals combined without trade deal tab(file:///C:/Users/inindc00616/git/AZENTIO-FMS/Tauqeer_AzentioAutomationFramework_FMS/src/test/java/features/IIS_AdvancePrincipleSettlement.feature:80)
]]>
    </failure>
  </testcase> <!-- runScenario -->
  <system-out/>
</testsuite> <!-- Runner.TestApplication -->
