<?xml version="1.0" encoding="UTF-8"?>
<!-- Generated by org.testng.reporters.JUnitReportReporter -->
<testsuite hostname="DESKTOP-PSK9T3A" failures="0" tests="1" name="Runner.TestApplication" time="366.554" errors="1" timestamp="2023-08-04T16:34:07 IST" skipped="0">
  <testcase classname="Runner.TestApplication" name="runScenario" time="366.554">
    <error message="element click intercepted: Element &lt;span id=&quot;spanLookup_drAcc_sl_T07MT&quot; class=&quot;ui-search ui-state-default ui-state-focus liveSearchSpanCorner liveSearchSpanSize liveSearchSpanDisplay&quot; onclick=&quot;liveSearch(options_drAcc_sl_T07MT_liveSearch);return false;&quot; role=&quot;button&quot; tabindex=&quot;0&quot; oldtabindex=&quot;0&quot;&gt;...&lt;/span&gt; is not clickable at point (1108, 420). Other element would receive the click: &lt;div class=&quot;jMsgbox-contentWrap&quot;&gt;...&lt;/div&gt;
  (Session info: chrome=115.0.5790.170)
Build info: version: &#039;4.8.1&#039;, revision: &#039;8ebccac989&#039;
System info: os.name: &#039;Windows 10&#039;, os.arch: &#039;amd64&#039;, os.version: &#039;10.0&#039;, java.version: &#039;17.0.7&#039;
Driver info: org.openqa.selenium.chrome.ChromeDriver
Command: [bd0104a513a67eac3884b0aab39dac7b, clickElement {id=865C330A4247718B1E6344194E911DB0_element_1083}]
Capabilities {acceptInsecureCerts: false, browserName: chrome, browserVersion: 115.0.5790.170, chrome: {chromedriverVersion: 114.0.5735.90 (386bc09e8f4f..., userDataDir: C:\Users\ININDC~1\AppData\L...}, goog:chromeOptions: {debuggerAddress: localhost:54905}, networkConnectionEnabled: false, pageLoadStrategy: normal, platformName: WINDOWS, proxy: Proxy(), se:cdp: ws://localhost:54905/devtoo..., se:cdpVersion: 115.0.5790.170, setWindowRect: true, strictFileInteractability: false, timeouts: {implicit: 0, pageLoad: 300000, script: 30000}, unhandledPromptBehavior: dismiss and notify, webauthn:extension:credBlob: true, webauthn:extension:largeBlob: true, webauthn:extension:minPinLength: true, webauthn:extension:prf: true, webauthn:virtualAuthenticators: true}
Element: [[ChromeDriver: chrome on WINDOWS (bd0104a513a67eac3884b0aab39dac7b)] -&gt; xpath: //*[@id=&#039;spanLookup_drAcc_sl_T07MT&#039;]]
Session ID: bd0104a513a67eac3884b0aab39dac7b" type="org.openqa.selenium.ElementClickInterceptedException">
      <![CDATA[org.openqa.selenium.ElementClickInterceptedException: element click intercepted: Element <span id="spanLookup_drAcc_sl_T07MT" class="ui-search ui-state-default ui-state-focus liveSearchSpanCorner liveSearchSpanSize liveSearchSpanDisplay" onclick="liveSearch(options_drAcc_sl_T07MT_liveSearch);return false;" role="button" tabindex="0" oldtabindex="0">...</span> is not clickable at point (1108, 420). Other element would receive the click: <div class="jMsgbox-contentWrap">...</div>
  (Session info: chrome=115.0.5790.170)
Build info: version: '4.8.1', revision: '8ebccac989'
System info: os.name: 'Windows 10', os.arch: 'amd64', os.version: '10.0', java.version: '17.0.7'
Driver info: org.openqa.selenium.chrome.ChromeDriver
Command: [bd0104a513a67eac3884b0aab39dac7b, clickElement {id=865C330A4247718B1E6344194E911DB0_element_1083}]
Capabilities {acceptInsecureCerts: false, browserName: chrome, browserVersion: 115.0.5790.170, chrome: {chromedriverVersion: 114.0.5735.90 (386bc09e8f4f..., userDataDir: C:\Users\ININDC~1\AppData\L...}, goog:chromeOptions: {debuggerAddress: localhost:54905}, networkConnectionEnabled: false, pageLoadStrategy: normal, platformName: WINDOWS, proxy: Proxy(), se:cdp: ws://localhost:54905/devtoo..., se:cdpVersion: 115.0.5790.170, setWindowRect: true, strictFileInteractability: false, timeouts: {implicit: 0, pageLoad: 300000, script: 30000}, unhandledPromptBehavior: dismiss and notify, webauthn:extension:credBlob: true, webauthn:extension:largeBlob: true, webauthn:extension:minPinLength: true, webauthn:extension:prf: true, webauthn:virtualAuthenticators: true}
Element: [[ChromeDriver: chrome on WINDOWS (bd0104a513a67eac3884b0aab39dac7b)] -> xpath: //*[@id='spanLookup_drAcc_sl_T07MT']]
Session ID: bd0104a513a67eac3884b0aab39dac7b
at java.base/jdk.internal.reflect.NativeConstructorAccessorImpl.newInstance0(Native Method)
at java.base/jdk.internal.reflect.NativeConstructorAccessorImpl.newInstance(NativeConstructorAccessorImpl.java:77)
at java.base/jdk.internal.reflect.DelegatingConstructorAccessorImpl.newInstance(DelegatingConstructorAccessorImpl.java:45)
at java.base/java.lang.reflect.Constructor.newInstanceWithCaller(Constructor.java:499)
at java.base/java.lang.reflect.Constructor.newInstance(Constructor.java:480)
at org.openqa.selenium.remote.codec.w3c.W3CHttpResponseCodec.createException(W3CHttpResponseCodec.java:200)
at org.openqa.selenium.remote.codec.w3c.W3CHttpResponseCodec.decode(W3CHttpResponseCodec.java:133)
at org.openqa.selenium.remote.codec.w3c.W3CHttpResponseCodec.decode(W3CHttpResponseCodec.java:53)
at org.openqa.selenium.remote.HttpCommandExecutor.execute(HttpCommandExecutor.java:184)
at org.openqa.selenium.remote.service.DriverCommandExecutor.invokeExecute(DriverCommandExecutor.java:167)
at org.openqa.selenium.remote.service.DriverCommandExecutor.execute(DriverCommandExecutor.java:142)
at org.openqa.selenium.remote.RemoteWebDriver.execute(RemoteWebDriver.java:543)
at org.openqa.selenium.remote.RemoteWebElement.execute(RemoteWebElement.java:257)
at org.openqa.selenium.remote.RemoteWebElement.click(RemoteWebElement.java:78)
at jdk.internal.reflect.GeneratedMethodAccessor7.invoke(Unknown Source)
at java.base/jdk.internal.reflect.DelegatingMethodAccessorImpl.invoke(DelegatingMethodAccessorImpl.java:43)
at java.base/java.lang.reflect.Method.invoke(Method.java:568)
at org.openqa.selenium.support.pagefactory.internal.LocatingElementHandler.invoke(LocatingElementHandler.java:52)
at jdk.proxy2/jdk.proxy2.$Proxy46.click(Unknown Source)
at stepdefinitions.Incidental_Charges.user_click_search_button_in_accounts_in_mainteance_under_tracking_incidental_charges_under_menu(Incidental_Charges.java:820)
at ✽.User_607 Click Search button In Accounts In Mainteance Under Tracking Incidental Charges under menu(file:///C:/Users/inindc00607/git/AZENTIO-FMS_10/Azentio_FMS_Gowtham/src/test/java/features/Incidental_Charges.feature:240)
]]>
    </error>
  </testcase> <!-- runScenario -->
  <system-out/>
</testsuite> <!-- Runner.TestApplication -->
