<?xml version="1.0" encoding="UTF-8"?>
<!-- Generated by org.testng.reporters.JUnitReportReporter -->
<testsuite hostname="DESKTOP-U4BDLB7" failures="0" tests="1" name="Runner.TestApplication" time="196.539" errors="1" timestamp="2023-06-11T17:07:43 IST" skipped="0">
  <testcase classname="Runner.TestApplication" name="runScenario" time="196.539">
    <error message="Expected condition failed: waiting for visibility of [[ChromeDriver: chrome on WINDOWS (15436eb817653ef1eb8b18f45e3a8e80)] -&gt; xpath: //input[@id=&#039;lookuptxt_drawDownRequestProduct_Class_WIFT009MT&#039;]] (tried for 60 second(s) with 5 milliseconds interval)
Build info: version: &#039;4.8.1&#039;, revision: &#039;8ebccac989&#039;
System info: os.name: &#039;Windows 10&#039;, os.arch: &#039;amd64&#039;, os.version: &#039;10.0&#039;, java.version: &#039;17.0.2&#039;
Driver info: driver.version: unknown" type="org.openqa.selenium.TimeoutException">
      <![CDATA[org.openqa.selenium.TimeoutException: Expected condition failed: waiting for visibility of [[ChromeDriver: chrome on WINDOWS (15436eb817653ef1eb8b18f45e3a8e80)] -> xpath: //input[@id='lookuptxt_drawDownRequestProduct_Class_WIFT009MT']] (tried for 60 second(s) with 5 milliseconds interval)
Build info: version: '4.8.1', revision: '8ebccac989'
System info: os.name: 'Windows 10', os.arch: 'amd64', os.version: '10.0', java.version: '17.0.2'
Driver info: driver.version: unknown
at org.openqa.selenium.support.ui.FluentWait.timeoutException(FluentWait.java:263)
at org.openqa.selenium.support.ui.FluentWait.until(FluentWait.java:231)
at helper.WaitHelper.waitForElementwithFluentwait(WaitHelper.java:95)
at stepdefinitions.Request_for_financing_steps.enter_value_product_class_ln(Request_for_financing_steps.java:1762)
at ✽.Enter value Product ClassLN(file:///C:/Users/priya/git/AZENTIO-FMS_1/Azentio_FMS_Gowtham/src/test/java/features/Request_for_Financing.feature:350)
]]>
    </error>
  </testcase> <!-- runScenario -->
  <system-out/>
</testsuite> <!-- Runner.TestApplication -->
