<?xml version="1.0" encoding="UTF-8"?>
<!-- Generated by org.testng.reporters.JUnitReportReporter -->
<testsuite hostname="DESKTOP-U4BDLB7" failures="0" tests="1" name="Runner.TestApplication" time="173.350" errors="1" timestamp="2023-06-03T15:50:35 IST" skipped="0">
  <testcase classname="Runner.TestApplication" name="runScenario" time="173.350">
    <error message="element click intercepted: Element &lt;label id=&quot;requestFinancingFormId_CSMRF00MT_save_key&quot; style=&quot;font-weight:bold!important;font-size:100%!important&quot; labelkey=&quot;save_key&quot; class=&quot;path_btn_lbl_theme&quot;&gt;...&lt;/label&gt; is not clickable at point (276, 515). Other element would receive the click: &lt;div class=&quot;jMsgbox-background&quot; style=&quot;position: fixed; width: 1366px; height: 555px; z-index: 999999; opacity: 0.6; top: 0px; left: 0px;&quot;&gt;&lt;/div&gt;
  (Session info: chrome=113.0.5672.129)
Build info: version: &#039;4.8.1&#039;, revision: &#039;8ebccac989&#039;
System info: os.name: &#039;Windows 10&#039;, os.arch: &#039;amd64&#039;, os.version: &#039;10.0&#039;, java.version: &#039;17.0.2&#039;
Driver info: org.openqa.selenium.chrome.ChromeDriver
Command: [0f29da485e3117f4cb7f066c89607958, clickElement {id=38A78C56330CEC8E48A6FD23EB6CEE44_element_404}]
Capabilities {acceptInsecureCerts: false, browserName: chrome, browserVersion: 113.0.5672.129, chrome: {chromedriverVersion: 113.0.5672.63 (0e1a4471d5ae..., userDataDir: C:\Users\priya\AppData\Loca...}, goog:chromeOptions: {debuggerAddress: localhost:57029}, networkConnectionEnabled: false, pageLoadStrategy: normal, platformName: WINDOWS, proxy: Proxy(), se:cdp: ws://localhost:57029/devtoo..., se:cdpVersion: 113.0.5672.129, setWindowRect: true, strictFileInteractability: false, timeouts: {implicit: 0, pageLoad: 300000, script: 30000}, unhandledPromptBehavior: dismiss and notify, webauthn:extension:credBlob: true, webauthn:extension:largeBlob: true, webauthn:extension:minPinLength: true, webauthn:extension:prf: true, webauthn:virtualAuthenticators: true}
Element: [[ChromeDriver: chrome on WINDOWS (0f29da485e3117f4cb7f066c89607958)] -&gt; xpath: //label[@id=&#039;requestFinancingFormId_CSMRF00MT_save_key&#039;]]
Session ID: 0f29da485e3117f4cb7f066c89607958" type="org.openqa.selenium.ElementClickInterceptedException">
      <![CDATA[org.openqa.selenium.ElementClickInterceptedException: element click intercepted: Element <label id="requestFinancingFormId_CSMRF00MT_save_key" style="font-weight:bold!important;font-size:100%!important" labelkey="save_key" class="path_btn_lbl_theme">...</label> is not clickable at point (276, 515). Other element would receive the click: <div class="jMsgbox-background" style="position: fixed; width: 1366px; height: 555px; z-index: 999999; opacity: 0.6; top: 0px; left: 0px;"></div>
  (Session info: chrome=113.0.5672.129)
Build info: version: '4.8.1', revision: '8ebccac989'
System info: os.name: 'Windows 10', os.arch: 'amd64', os.version: '10.0', java.version: '17.0.2'
Driver info: org.openqa.selenium.chrome.ChromeDriver
Command: [0f29da485e3117f4cb7f066c89607958, clickElement {id=38A78C56330CEC8E48A6FD23EB6CEE44_element_404}]
Capabilities {acceptInsecureCerts: false, browserName: chrome, browserVersion: 113.0.5672.129, chrome: {chromedriverVersion: 113.0.5672.63 (0e1a4471d5ae..., userDataDir: C:\Users\priya\AppData\Loca...}, goog:chromeOptions: {debuggerAddress: localhost:57029}, networkConnectionEnabled: false, pageLoadStrategy: normal, platformName: WINDOWS, proxy: Proxy(), se:cdp: ws://localhost:57029/devtoo..., se:cdpVersion: 113.0.5672.129, setWindowRect: true, strictFileInteractability: false, timeouts: {implicit: 0, pageLoad: 300000, script: 30000}, unhandledPromptBehavior: dismiss and notify, webauthn:extension:credBlob: true, webauthn:extension:largeBlob: true, webauthn:extension:minPinLength: true, webauthn:extension:prf: true, webauthn:virtualAuthenticators: true}
Element: [[ChromeDriver: chrome on WINDOWS (0f29da485e3117f4cb7f066c89607958)] -> xpath: //label[@id='requestFinancingFormId_CSMRF00MT_save_key']]
Session ID: 0f29da485e3117f4cb7f066c89607958
at java.base/jdk.internal.reflect.NativeConstructorAccessorImpl.newInstance0(Native Method)
at java.base/jdk.internal.reflect.NativeConstructorAccessorImpl.newInstance(NativeConstructorAccessorImpl.java:77)
at java.base/jdk.internal.reflect.DelegatingConstructorAccessorImpl.newInstance(DelegatingConstructorAccessorImpl.java:45)
at java.base/java.lang.reflect.Constructor.newInstanceWithCaller(Constructor.java:499)
at java.base/java.lang.reflect.Constructor.newInstance(Constructor.java:480)
at org.openqa.selenium.remote.codec.w3c.W3CHttpResponseCodec.createException(W3CHttpResponseCodec.java:200)
at org.openqa.selenium.remote.codec.w3c.W3CHttpResponseCodec.decode(W3CHttpResponseCodec.java:133)
at org.openqa.selenium.remote.codec.w3c.W3CHttpResponseCodec.decode(W3CHttpResponseCodec.java:53)
at org.openqa.selenium.remote.HttpCommandExecutor.execute(HttpCommandExecutor.java:184)
at org.openqa.selenium.remote.service.DriverCommandExecutor.invokeExecute(DriverCommandExecutor.java:167)
at org.openqa.selenium.remote.service.DriverCommandExecutor.execute(DriverCommandExecutor.java:142)
at org.openqa.selenium.remote.RemoteWebDriver.execute(RemoteWebDriver.java:543)
at org.openqa.selenium.remote.RemoteWebElement.execute(RemoteWebElement.java:257)
at org.openqa.selenium.remote.RemoteWebElement.click(RemoteWebElement.java:78)
at jdk.internal.reflect.GeneratedMethodAccessor4.invoke(Unknown Source)
at java.base/jdk.internal.reflect.DelegatingMethodAccessorImpl.invoke(DelegatingMethodAccessorImpl.java:43)
at java.base/java.lang.reflect.Method.invoke(Method.java:568)
at org.openqa.selenium.support.pagefactory.internal.LocatingElementHandler.invoke(LocatingElementHandler.java:52)
at jdk.proxy2/jdk.proxy2.$Proxy45.click(Unknown Source)
at stepdefinitions.Request_for_financing_steps.save_all_the_values_when_limits_are_add(Request_for_financing_steps.java:721)
at ✽.Save all the values when limits are add(file:///C:/Users/priya/git/AZENTIO-FMS_3/Azentio_FMS_Gowtham/src/test/java/features/Request_for_Financing.feature:104)
]]>
    </error>
  </testcase> <!-- runScenario -->
  <system-out/>
</testsuite> <!-- Runner.TestApplication -->
